kotlin version: 2.2.10
error message: java.lang.RuntimeException: Exception while generating code for:
FUN name:StyledComponentContainer visibility:private modality:FINAL returnType:kotlin.Unit
  VALUE_PARAMETER kind:Regular name:style index:0 type:com.kb.core_engine.SDUIStyle?
  VALUE_PARAMETER kind:Regular name:content index:1 type:@[Composable] kotlin.Function0<kotlin.Unit>
  annotations:
    Composable
  BLOCK_BODY
    VAR name:margin type:com.kb.core_engine.Padding? [val]
      BLOCK type=com.kb.core_engine.Padding? origin=FOLDED_SAFE_CALL
        WHEN type=com.kb.core_engine.Padding? origin=FOLDED_SAFE_CALL
          BRANCH
            if: COMPOSITE type=kotlin.Boolean origin=null
              CALL 'public final fun not (): kotlin.Boolean [operator] declared in kotlin.Boolean' type=kotlin.Boolean origin=null
                ARG <this>: CALL 'public final fun EQEQ (arg0: kotlin.Any?, arg1: kotlin.Any?): kotlin.Boolean declared in kotlin.internal.ir' type=kotlin.Boolean origin=null
                  ARG arg0: GET_VAR 'style: com.kb.core_engine.SDUIStyle? declared in com.kb.core_engine.ComponentRendererKt.StyledComponentContainer' type=com.kb.core_engine.SDUIStyle? origin=null
                  ARG arg1: CONST Null type=kotlin.Nothing? value=null
            then: CALL 'public final fun <get-margin> (): com.kb.core_engine.Padding? declared in com.kb.core_engine.SDUIStyle' type=com.kb.core_engine.Padding? origin=GET_PROPERTY
              ARG <this>: GET_VAR 'style: com.kb.core_engine.SDUIStyle? declared in com.kb.core_engine.ComponentRendererKt.StyledComponentContainer' type=com.kb.core_engine.SDUIStyle? origin=null
          BRANCH
            if: CONST Boolean type=kotlin.Boolean value=true
            then: CONST Null type=kotlin.Nothing? value=null
    VAR name:padding type:com.kb.core_engine.Padding? [val]
      BLOCK type=com.kb.core_engine.Padding? origin=FOLDED_SAFE_CALL
        WHEN type=com.kb.core_engine.Padding? origin=FOLDED_SAFE_CALL
          BRANCH
            if: COMPOSITE type=kotlin.Boolean origin=null
              CALL 'public final fun not (): kotlin.Boolean [operator] declared in kotlin.Boolean' type=kotlin.Boolean origin=null
                ARG <this>: CALL 'public final fun EQEQ (arg0: kotlin.Any?, arg1: kotlin.Any?): kotlin.Boolean declared in kotlin.internal.ir' type=kotlin.Boolean origin=null
                  ARG arg0: GET_VAR 'style: com.kb.core_engine.SDUIStyle? declared in com.kb.core_engine.ComponentRendererKt.StyledComponentContainer' type=com.kb.core_engine.SDUIStyle? origin=null
                  ARG arg1: CONST Null type=kotlin.Nothing? value=null
            then: CALL 'public final fun <get-padding> (): com.kb.core_engine.Padding? declared in com.kb.core_engine.SDUIStyle' type=com.kb.core_engine.Padding? origin=GET_PROPERTY
              ARG <this>: GET_VAR 'style: com.kb.core_engine.SDUIStyle? declared in com.kb.core_engine.ComponentRendererKt.StyledComponentContainer' type=com.kb.core_engine.SDUIStyle? origin=null
          BRANCH
            if: CONST Boolean type=kotlin.Boolean value=true
            then: CONST Null type=kotlin.Nothing? value=null
    VAR name:backgroundColor type:androidx.compose.ui.graphics.Color? [val]
      BLOCK type=androidx.compose.ui.graphics.Color? origin=FOLDED_SAFE_CALL
        WHEN type=androidx.compose.ui.graphics.Color? origin=FOLDED_SAFE_CALL
          BRANCH
            if: CALL 'public final fun ANDAND (arg0: kotlin.Boolean, arg1: kotlin.Boolean): kotlin.Boolean declared in kotlin.internal.ir' type=kotlin.Boolean origin=null
              ARG arg0: COMPOSITE type=kotlin.Boolean origin=null
                CALL 'public final fun not (): kotlin.Boolean [operator] declared in kotlin.Boolean' type=kotlin.Boolean origin=null
                  ARG <this>: CALL 'public final fun EQEQ (arg0: kotlin.Any?, arg1: kotlin.Any?): kotlin.Boolean declared in kotlin.internal.ir' type=kotlin.Boolean origin=null
                    ARG arg0: GET_VAR 'style: com.kb.core_engine.SDUIStyle? declared in com.kb.core_engine.ComponentRendererKt.StyledComponentContainer' type=com.kb.core_engine.SDUIStyle? origin=null
                    ARG arg1: CONST Null type=kotlin.Nothing? value=null
              ARG arg1: COMPOSITE type=kotlin.Boolean origin=null
                VAR IR_TEMPORARY_VARIABLE name:tmp3_safe_receiver type:kotlin.String? [val]
                  CALL 'public final fun <get-backgroundColor> (): kotlin.String? declared in com.kb.core_engine.SDUIStyle' type=kotlin.String? origin=GET_PROPERTY
                    ARG <this>: GET_VAR 'style: com.kb.core_engine.SDUIStyle? declared in com.kb.core_engine.ComponentRendererKt.StyledComponentContainer' type=com.kb.core_engine.SDUIStyle? origin=null
                CALL 'public final fun not (): kotlin.Boolean [operator] declared in kotlin.Boolean' type=kotlin.Boolean origin=null
                  ARG <this>: CALL 'public final fun EQEQ (arg0: kotlin.Any?, arg1: kotlin.Any?): kotlin.Boolean declared in kotlin.internal.ir' type=kotlin.Boolean origin=null
                    ARG arg0: GET_VAR 'val tmp3_safe_receiver: kotlin.String? [val] declared in com.kb.core_engine.ComponentRendererKt.StyledComponentContainer' type=kotlin.String? origin=null
                    ARG arg1: CONST Null type=kotlin.Nothing? value=null
            then: CALL 'private final fun toComposeColor (<this>: kotlin.String): androidx.compose.ui.graphics.Color? declared in com.kb.core_engine.ComponentRendererKt' type=androidx.compose.ui.graphics.Color? origin=null
              ARG <this>: GET_VAR 'val tmp3_safe_receiver: kotlin.String? [val] declared in com.kb.core_engine.ComponentRendererKt.StyledComponentContainer' type=kotlin.String? origin=null
          BRANCH
            if: CONST Boolean type=kotlin.Boolean value=true
            then: CONST Null type=kotlin.Nothing? value=null
    VAR name:cornerRadius type:androidx.compose.ui.unit.Dp [val]
      CALL 'public final fun <get-dp> (<this>: kotlin.Int): androidx.compose.ui.unit.Dp [inline] declared in androidx.compose.ui.unit.DpKt' type=androidx.compose.ui.unit.Dp origin=GET_PROPERTY
        ARG <this>: BLOCK type=kotlin.Int origin=FOLDED_ELVIS
          WHEN type=kotlin.Int origin=FOLDED_ELVIS
            BRANCH
              if: CALL 'public final fun ANDAND (arg0: kotlin.Boolean, arg1: kotlin.Boolean): kotlin.Boolean declared in kotlin.internal.ir' type=kotlin.Boolean origin=null
                ARG arg0: COMPOSITE type=kotlin.Boolean origin=null
                  CALL 'public final fun not (): kotlin.Boolean [operator] declared in kotlin.Boolean' type=kotlin.Boolean origin=null
                    ARG <this>: CALL 'public final fun EQEQ (arg0: kotlin.Any?, arg1: kotlin.Any?): kotlin.Boolean declared in kotlin.internal.ir' type=kotlin.Boolean origin=null
                      ARG arg0: GET_VAR 'style: com.kb.core_engine.SDUIStyle? declared in com.kb.core_engine.ComponentRendererKt.StyledComponentContainer' type=com.kb.core_engine.SDUIStyle? origin=null
                      ARG arg1: CONST Null type=kotlin.Nothing? value=null
                ARG arg1: COMPOSITE type=kotlin.Boolean origin=null
                  VAR IR_TEMPORARY_VARIABLE name:tmp5_elvis_lhs type:kotlin.Int? [val]
                    CALL 'public final fun <get-cornerRadius> (): kotlin.Int? declared in com.kb.core_engine.SDUIStyle' type=kotlin.Int? origin=GET_PROPERTY
                      ARG <this>: GET_VAR 'style: com.kb.core_engine.SDUIStyle? declared in com.kb.core_engine.ComponentRendererKt.StyledComponentContainer' type=com.kb.core_engine.SDUIStyle? origin=null
                  CALL 'public final fun not (): kotlin.Boolean [operator] declared in kotlin.Boolean' type=kotlin.Boolean origin=null
                    ARG <this>: CALL 'public final fun EQEQ (arg0: kotlin.Any?, arg1: kotlin.Any?): kotlin.Boolean declared in kotlin.internal.ir' type=kotlin.Boolean origin=null
                      ARG arg0: GET_VAR 'val tmp5_elvis_lhs: kotlin.Int? [val] declared in com.kb.core_engine.ComponentRendererKt.StyledComponentContainer' type=kotlin.Int? origin=null
                      ARG arg1: CONST Null type=kotlin.Nothing? value=null
              then: GET_VAR 'val tmp5_elvis_lhs: kotlin.Int? [val] declared in com.kb.core_engine.ComponentRendererKt.StyledComponentContainer' type=kotlin.Int? origin=null
            BRANCH
              if: CONST Boolean type=kotlin.Boolean value=true
              then: CONST Int type=kotlin.Int value=0
    VAR name:elevation type:androidx.compose.ui.unit.Dp [val]
      CALL 'public final fun <get-dp> (<this>: kotlin.Int): androidx.compose.ui.unit.Dp [inline] declared in androidx.compose.ui.unit.DpKt' type=androidx.compose.ui.unit.Dp origin=GET_PROPERTY
        ARG <this>: BLOCK type=kotlin.Int origin=FOLDED_ELVIS
          WHEN type=kotlin.Int origin=FOLDED_ELVIS
            BRANCH
              if: CALL 'public final fun ANDAND (arg0: kotlin.Boolean, arg1: kotlin.Boolean): kotlin.Boolean declared in kotlin.internal.ir' type=kotlin.Boolean origin=null
                ARG arg0: COMPOSITE type=kotlin.Boolean origin=null
                  CALL 'public final fun not (): kotlin.Boolean [operator] declared in kotlin.Boolean' type=kotlin.Boolean origin=null
                    ARG <this>: CALL 'public final fun EQEQ (arg0: kotlin.Any?, arg1: kotlin.Any?): kotlin.Boolean declared in kotlin.internal.ir' type=kotlin.Boolean origin=null
                      ARG arg0: GET_VAR 'style: com.kb.core_engine.SDUIStyle? declared in com.kb.core_engine.ComponentRendererKt.StyledComponentContainer' type=com.kb.core_engine.SDUIStyle? origin=null
                      ARG arg1: CONST Null type=kotlin.Nothing? value=null
                ARG arg1: COMPOSITE type=kotlin.Boolean origin=null
                  VAR IR_TEMPORARY_VARIABLE name:tmp7_elvis_lhs type:kotlin.Int? [val]
                    CALL 'public final fun <get-elevation> (): kotlin.Int? declared in com.kb.core_engine.SDUIStyle' type=kotlin.Int? origin=GET_PROPERTY
                      ARG <this>: GET_VAR 'style: com.kb.core_engine.SDUIStyle? declared in com.kb.core_engine.ComponentRendererKt.StyledComponentContainer' type=com.kb.core_engine.SDUIStyle? origin=null
                  CALL 'public final fun not (): kotlin.Boolean [operator] declared in kotlin.Boolean' type=kotlin.Boolean origin=null
                    ARG <this>: CALL 'public final fun EQEQ (arg0: kotlin.Any?, arg1: kotlin.Any?): kotlin.Boolean declared in kotlin.internal.ir' type=kotlin.Boolean origin=null
                      ARG arg0: GET_VAR 'val tmp7_elvis_lhs: kotlin.Int? [val] declared in com.kb.core_engine.ComponentRendererKt.StyledComponentContainer' type=kotlin.Int? origin=null
                      ARG arg1: CONST Null type=kotlin.Nothing? value=null
              then: GET_VAR 'val tmp7_elvis_lhs: kotlin.Int? [val] declared in com.kb.core_engine.ComponentRendererKt.StyledComponentContainer' type=kotlin.Int? origin=null
            BRANCH
              if: CONST Boolean type=kotlin.Boolean value=true
              then: CONST Int type=kotlin.Int value=0
    VAR name:outerModifier type:androidx.compose.ui.Modifier [val]
      CALL 'public final fun padding-qDBjuR0 ($this$padding: androidx.compose.ui.Modifier, start: androidx.compose.ui.unit.Dp, top: androidx.compose.ui.unit.Dp, end: androidx.compose.ui.unit.Dp, bottom: androidx.compose.ui.unit.Dp): androidx.compose.ui.Modifier declared in androidx.compose.foundation.layout.PaddingKt' type=androidx.compose.ui.Modifier origin=null
        ARG $this$padding: GET_FIELD 'FIELD FIELD_FOR_OBJECT_INSTANCE name:Companion type:androidx.compose.ui.Modifier.Companion visibility:public [final,static] declared in androidx.compose.ui.Modifier' type=androidx.compose.ui.Modifier.Companion origin=null
        ARG start: CALL 'public final fun <get-dp> (<this>: kotlin.Int): androidx.compose.ui.unit.Dp [inline] declared in androidx.compose.ui.unit.DpKt' type=androidx.compose.ui.unit.Dp origin=GET_PROPERTY
          ARG <this>: BLOCK type=kotlin.Int origin=FOLDED_ELVIS
            WHEN type=kotlin.Int origin=FOLDED_ELVIS
              BRANCH
                if: CALL 'public final fun ANDAND (arg0: kotlin.Boolean, arg1: kotlin.Boolean): kotlin.Boolean declared in kotlin.internal.ir' type=kotlin.Boolean origin=null
                  ARG arg0: COMPOSITE type=kotlin.Boolean origin=null
                    CALL 'public final fun not (): kotlin.Boolean [operator] declared in kotlin.Boolean' type=kotlin.Boolean origin=null
                      ARG <this>: CALL 'public final fun EQEQ (arg0: kotlin.Any?, arg1: kotlin.Any?): kotlin.Boolean declared in kotlin.internal.ir' type=kotlin.Boolean origin=null
                        ARG arg0: GET_VAR 'val margin: com.kb.core_engine.Padding? [val] declared in com.kb.core_engine.ComponentRendererKt.StyledComponentContainer' type=com.kb.core_engine.Padding? origin=null
                        ARG arg1: CONST Null type=kotlin.Nothing? value=null
                  ARG arg1: COMPOSITE type=kotlin.Boolean origin=null
                    VAR IR_TEMPORARY_VARIABLE name:tmp9_elvis_lhs type:kotlin.Int [val]
                      CALL 'public final fun <get-start> (): kotlin.Int declared in com.kb.core_engine.Padding' type=kotlin.Int origin=GET_PROPERTY
                        ARG <this>: GET_VAR 'val margin: com.kb.core_engine.Padding? [val] declared in com.kb.core_engine.ComponentRendererKt.StyledComponentContainer' type=com.kb.core_engine.Padding? origin=null
                    CALL 'public final fun not (): kotlin.Boolean [operator] declared in kotlin.Boolean' type=kotlin.Boolean origin=null
                      ARG <this>: CALL 'public final fun EQEQ (arg0: kotlin.Any?, arg1: kotlin.Any?): kotlin.Boolean declared in kotlin.internal.ir' type=kotlin.Boolean origin=null
                        ARG arg0: GET_VAR 'val tmp9_elvis_lhs: kotlin.Int [val] declared in com.kb.core_engine.ComponentRendererKt.StyledComponentContainer' type=kotlin.Int origin=null
                        ARG arg1: CONST Null type=kotlin.Nothing? value=null
                then: GET_VAR 'val tmp9_elvis_lhs: kotlin.Int [val] declared in com.kb.core_engine.ComponentRendererKt.StyledComponentContainer' type=kotlin.Int origin=null
              BRANCH
                if: CONST Boolean type=kotlin.Boolean value=true
                then: CONST Int type=kotlin.Int value=0
        ARG top: CALL 'public final fun <get-dp> (<this>: kotlin.Int): androidx.compose.ui.unit.Dp [inline] declared in androidx.compose.ui.unit.DpKt' type=androidx.compose.ui.unit.Dp origin=GET_PROPERTY
          ARG <this>: BLOCK type=kotlin.Int origin=FOLDED_ELVIS
            WHEN type=kotlin.Int origin=FOLDED_ELVIS
              BRANCH
                if: CALL 'public final fun ANDAND (arg0: kotlin.Boolean, arg1: kotlin.Boolean): kotlin.Boolean declared in kotlin.internal.ir' type=kotlin.Boolean origin=null
                  ARG arg0: COMPOSITE type=kotlin.Boolean origin=null
                    CALL 'public final fun not (): kotlin.Boolean [operator] declared in kotlin.Boolean' type=kotlin.Boolean origin=null
                      ARG <this>: CALL 'public final fun EQEQ (arg0: kotlin.Any?, arg1: kotlin.Any?): kotlin.Boolean declared in kotlin.internal.ir' type=kotlin.Boolean origin=null
                        ARG arg0: GET_VAR 'val margin: com.kb.core_engine.Padding? [val] declared in com.kb.core_engine.ComponentRendererKt.StyledComponentContainer' type=com.kb.core_engine.Padding? origin=null
                        ARG arg1: CONST Null type=kotlin.Nothing? value=null
                  ARG arg1: COMPOSITE type=kotlin.Boolean origin=null
                    VAR IR_TEMPORARY_VARIABLE name:tmp11_elvis_lhs type:kotlin.Int [val]
                      CALL 'public final fun <get-top> (): kotlin.Int declared in com.kb.core_engine.Padding' type=kotlin.Int origin=GET_PROPERTY
                        ARG <this>: GET_VAR 'val margin: com.kb.core_engine.Padding? [val] declared in com.kb.core_engine.ComponentRendererKt.StyledComponentContainer' type=com.kb.core_engine.Padding? origin=null
                    CALL 'public final fun not (): kotlin.Boolean [operator] declared in kotlin.Boolean' type=kotlin.Boolean origin=null
                      ARG <this>: CALL 'public final fun EQEQ (arg0: kotlin.Any?, arg1: kotlin.Any?): kotlin.Boolean declared in kotlin.internal.ir' type=kotlin.Boolean origin=null
                        ARG arg0: GET_VAR 'val tmp11_elvis_lhs: kotlin.Int [val] declared in com.kb.core_engine.ComponentRendererKt.StyledComponentContainer' type=kotlin.Int origin=null
                        ARG arg1: CONST Null type=kotlin.Nothing? value=null
                then: GET_VAR 'val tmp11_elvis_lhs: kotlin.Int [val] declared in com.kb.core_engine.ComponentRendererKt.StyledComponentContainer' type=kotlin.Int origin=null
              BRANCH
                if: CONST Boolean type=kotlin.Boolean value=true
                then: CONST Int type=kotlin.Int value=0
        ARG end: CALL 'public final fun <get-dp> (<this>: kotlin.Int): androidx.compose.ui.unit.Dp [inline] declared in androidx.compose.ui.unit.DpKt' type=androidx.compose.ui.unit.Dp origin=GET_PROPERTY
          ARG <this>: BLOCK type=kotlin.Int origin=FOLDED_ELVIS
            WHEN type=kotlin.Int origin=FOLDED_ELVIS
              BRANCH
                if: CALL 'public final fun ANDAND (arg0: kotlin.Boolean, arg1: kotlin.Boolean): kotlin.Boolean declared in kotlin.internal.ir' type=kotlin.Boolean origin=null
                  ARG arg0: COMPOSITE type=kotlin.Boolean origin=null
                    CALL 'public final fun not (): kotlin.Boolean [operator] declared in kotlin.Boolean' type=kotlin.Boolean origin=null
                      ARG <this>: CALL 'public final fun EQEQ (arg0: kotlin.Any?, arg1: kotlin.Any?): kotlin.Boolean declared in kotlin.internal.ir' type=kotlin.Boolean origin=null
                        ARG arg0: GET_VAR 'val margin: com.kb.core_engine.Padding? [val] declared in com.kb.core_engine.ComponentRendererKt.StyledComponentContainer' type=com.kb.core_engine.Padding? origin=null
                        ARG arg1: CONST Null type=kotlin.Nothing? value=null
                  ARG arg1: COMPOSITE type=kotlin.Boolean origin=null
                    VAR IR_TEMPORARY_VARIABLE name:tmp13_elvis_lhs type:kotlin.Int [val]
                      CALL 'public final fun <get-end> (): kotlin.Int declared in com.kb.core_engine.Padding' type=kotlin.Int origin=GET_PROPERTY
                        ARG <this>: GET_VAR 'val margin: com.kb.core_engine.Padding? [val] declared in com.kb.core_engine.ComponentRendererKt.StyledComponentContainer' type=com.kb.core_engine.Padding? origin=null
                    CALL 'public final fun not (): kotlin.Boolean [operator] declared in kotlin.Boolean' type=kotlin.Boolean origin=null
                      ARG <this>: CALL 'public final fun EQEQ (arg0: kotlin.Any?, arg1: kotlin.Any?): kotlin.Boolean declared in kotlin.internal.ir' type=kotlin.Boolean origin=null
                        ARG arg0: GET_VAR 'val tmp13_elvis_lhs: kotlin.Int [val] declared in com.kb.core_engine.ComponentRendererKt.StyledComponentContainer' type=kotlin.Int origin=null
                        ARG arg1: CONST Null type=kotlin.Nothing? value=null
                then: GET_VAR 'val tmp13_elvis_lhs: kotlin.Int [val] declared in com.kb.core_engine.ComponentRendererKt.StyledComponentContainer' type=kotlin.Int origin=null
              BRANCH
                if: CONST Boolean type=kotlin.Boolean value=true
                then: CONST Int type=kotlin.Int value=0
        ARG bottom: CALL 'public final fun <get-dp> (<this>: kotlin.Int): androidx.compose.ui.unit.Dp [inline] declared in androidx.compose.ui.unit.DpKt' type=androidx.compose.ui.unit.Dp origin=GET_PROPERTY
          ARG <this>: BLOCK type=kotlin.Int origin=FOLDED_ELVIS
            WHEN type=kotlin.Int origin=FOLDED_ELVIS
              BRANCH
                if: CALL 'public final fun ANDAND (arg0: kotlin.Boolean, arg1: kotlin.Boolean): kotlin.Boolean declared in kotlin.internal.ir' type=kotlin.Boolean origin=null
                  ARG arg0: COMPOSITE type=kotlin.Boolean origin=null
                    CALL 'public final fun not (): kotlin.Boolean [operator] declared in kotlin.Boolean' type=kotlin.Boolean origin=null
                      ARG <this>: CALL 'public final fun EQEQ (arg0: kotlin.Any?, arg1: kotlin.Any?): kotlin.Boolean declared in kotlin.internal.ir' type=kotlin.Boolean origin=null
                        ARG arg0: GET_VAR 'val margin: com.kb.core_engine.Padding? [val] declared in com.kb.core_engine.ComponentRendererKt.StyledComponentContainer' type=com.kb.core_engine.Padding? origin=null
                        ARG arg1: CONST Null type=kotlin.Nothing? value=null
                  ARG arg1: COMPOSITE type=kotlin.Boolean origin=null
                    VAR IR_TEMPORARY_VARIABLE name:tmp15_elvis_lhs type:kotlin.Int [val]
                      CALL 'public final fun <get-bottom> (): kotlin.Int declared in com.kb.core_engine.Padding' type=kotlin.Int origin=GET_PROPERTY
                        ARG <this>: GET_VAR 'val margin: com.kb.core_engine.Padding? [val] declared in com.kb.core_engine.ComponentRendererKt.StyledComponentContainer' type=com.kb.core_engine.Padding? origin=null
                    CALL 'public final fun not (): kotlin.Boolean [operator] declared in kotlin.Boolean' type=kotlin.Boolean origin=null
                      ARG <this>: CALL 'public final fun EQEQ (arg0: kotlin.Any?, arg1: kotlin.Any?): kotlin.Boolean declared in kotlin.internal.ir' type=kotlin.Boolean origin=null
                        ARG arg0: GET_VAR 'val tmp15_elvis_lhs: kotlin.Int [val] declared in com.kb.core_engine.ComponentRendererKt.StyledComponentContainer' type=kotlin.Int origin=null
                        ARG arg1: CONST Null type=kotlin.Nothing? value=null
                then: GET_VAR 'val tmp15_elvis_lhs: kotlin.Int [val] declared in com.kb.core_engine.ComponentRendererKt.StyledComponentContainer' type=kotlin.Int origin=null
              BRANCH
                if: CONST Boolean type=kotlin.Boolean value=true
                then: CONST Int type=kotlin.Int value=0
    WHEN type=kotlin.Unit origin=IF
      BRANCH
        if: CALL 'public final fun OROR (arg0: kotlin.Boolean, arg1: kotlin.Boolean): kotlin.Boolean declared in kotlin.internal.ir' type=kotlin.Boolean origin=null
          ARG arg0: CALL 'public final fun not (): kotlin.Boolean [operator] declared in kotlin.Boolean' type=kotlin.Boolean origin=EXCLEQ
            ARG <this>: CALL 'public final fun EQEQ (arg0: kotlin.Any?, arg1: kotlin.Any?): kotlin.Boolean declared in kotlin.internal.ir' type=kotlin.Boolean origin=EXCLEQ
              ARG arg0: GET_VAR 'val backgroundColor: androidx.compose.ui.graphics.Color? [val] declared in com.kb.core_engine.ComponentRendererKt.StyledComponentContainer' type=androidx.compose.ui.graphics.Color? origin=null
              ARG arg1: CONST Null type=kotlin.Nothing? value=null
          ARG arg1: CALL 'public final fun greater (arg0: kotlin.Int, arg1: kotlin.Int): kotlin.Boolean declared in kotlin.internal.ir' type=kotlin.Boolean origin=GT
            ARG arg0: CALL 'public open fun compareTo-0680j_4 (arg0: androidx.compose.ui.unit.Dp, other: androidx.compose.ui.unit.Dp): kotlin.Int [operator] declared in androidx.compose.ui.unit.Dp' type=kotlin.Int origin=GT
              ARG arg0: GET_VAR 'val elevation: androidx.compose.ui.unit.Dp [val] declared in com.kb.core_engine.ComponentRendererKt.StyledComponentContainer' type=androidx.compose.ui.unit.Dp origin=null
              ARG other: CALL 'public final fun <get-dp> (<this>: kotlin.Int): androidx.compose.ui.unit.Dp [inline] declared in androidx.compose.ui.unit.DpKt' type=androidx.compose.ui.unit.Dp origin=GET_PROPERTY
                ARG <this>: CONST Int type=kotlin.Int value=0
            ARG arg1: CONST Int type=kotlin.Int value=0
        then: BLOCK type=kotlin.Unit origin=null
          CALL 'public final fun Card$default (modifier: androidx.compose.ui.Modifier?, shape: androidx.compose.ui.graphics.Shape?, colors: androidx.compose.material3.CardColors?, elevation: androidx.compose.material3.CardElevation?, border: androidx.compose.foundation.BorderStroke?, content: @[Composable] @[ExtensionFunctionType] kotlin.Function1<androidx.compose.foundation.layout.ColumnScope, kotlin.Unit>, $mask0: kotlin.Int, $handler: kotlin.Any?): kotlin.Unit declared in androidx.compose.material3.CardKt' type=kotlin.Unit origin=DEFAULT_DISPATCH_CALL
            ARG modifier: CALL 'public final fun fillMaxWidth$default (<this>: androidx.compose.ui.Modifier, fraction: kotlin.Float, $mask0: kotlin.Int, $handler: kotlin.Any?): androidx.compose.ui.Modifier declared in androidx.compose.foundation.layout.SizeKt' type=androidx.compose.ui.Modifier origin=DEFAULT_DISPATCH_CALL
              ARG <this>: GET_VAR 'val outerModifier: androidx.compose.ui.Modifier [val] declared in com.kb.core_engine.ComponentRendererKt.StyledComponentContainer' type=androidx.compose.ui.Modifier origin=null
              ARG fraction: COMPOSITE type=kotlin.Float origin=DEFAULT_VALUE
                CONST Float type=kotlin.Float value=0.0
              ARG $mask0: CONST Int type=kotlin.Int value=1
              ARG $handler: CONST Null type=kotlin.Any? value=null
            ARG shape: CALL 'public final fun RoundedCornerShape-0680j_4 (size: androidx.compose.ui.unit.Dp): androidx.compose.foundation.shape.RoundedCornerShape declared in androidx.compose.foundation.shape.RoundedCornerShapeKt' type=androidx.compose.foundation.shape.RoundedCornerShape origin=null
              ARG size: GET_VAR 'val cornerRadius: androidx.compose.ui.unit.Dp [val] declared in com.kb.core_engine.ComponentRendererKt.StyledComponentContainer' type=androidx.compose.ui.unit.Dp origin=null
            ARG colors: CALL 'public final fun cardColors-nlx5xbs$default ($this: androidx.compose.material3.CardDefaults, containerColor: androidx.compose.ui.graphics.Color, contentColor: androidx.compose.ui.graphics.Color, disabledContainerColor: androidx.compose.ui.graphics.Color, disabledContentColor: androidx.compose.ui.graphics.Color, $mask0: kotlin.Int, $handler: kotlin.Any?): androidx.compose.material3.CardColors declared in androidx.compose.material3.CardDefaults' type=androidx.compose.material3.CardColors origin=DEFAULT_DISPATCH_CALL
              ARG $this: GET_FIELD 'FIELD FIELD_FOR_OBJECT_INSTANCE name:INSTANCE type:androidx.compose.material3.CardDefaults visibility:public [final,static] declared in androidx.compose.material3.CardDefaults' type=androidx.compose.material3.CardDefaults origin=null
              ARG containerColor: BLOCK type=androidx.compose.ui.graphics.Color origin=FOLDED_ELVIS
                WHEN type=androidx.compose.ui.graphics.Color origin=FOLDED_ELVIS
                  BRANCH
                    if: COMPOSITE type=kotlin.Boolean origin=null
                      CALL 'public final fun not (): kotlin.Boolean [operator] declared in kotlin.Boolean' type=kotlin.Boolean origin=null
                        ARG <this>: CALL 'public final fun EQEQ (arg0: kotlin.Any?, arg1: kotlin.Any?): kotlin.Boolean declared in kotlin.internal.ir' type=kotlin.Boolean origin=null
                          ARG arg0: GET_VAR 'val backgroundColor: androidx.compose.ui.graphics.Color? [val] declared in com.kb.core_engine.ComponentRendererKt.StyledComponentContainer' type=androidx.compose.ui.graphics.Color? origin=null
                          ARG arg1: CONST Null type=kotlin.Nothing? value=null
                    then: GET_VAR 'val backgroundColor: androidx.compose.ui.graphics.Color? [val] declared in com.kb.core_engine.ComponentRendererKt.StyledComponentContainer' type=androidx.compose.ui.graphics.Color? origin=null
                  BRANCH
                    if: CONST Boolean type=kotlin.Boolean value=true
                    then: CALL 'public final fun getTransparent-0d7_KjU (): androidx.compose.ui.graphics.Color declared in androidx.compose.ui.graphics.Color.Companion' type=androidx.compose.ui.graphics.Color origin=GET_PROPERTY
                      ARG <this>: GET_FIELD 'FIELD FIELD_FOR_OBJECT_INSTANCE name:Companion type:androidx.compose.ui.graphics.Color.Companion visibility:public [final,static] declared in androidx.compose.ui.graphics.Color' type=androidx.compose.ui.graphics.Color.Companion origin=null
              ARG contentColor: COMPOSITE type=androidx.compose.ui.graphics.Color origin=DEFAULT_VALUE
                CALL 'public final fun <unsafe-coerce> <T, R> (v: T of kotlin.jvm.internal.<unsafe-coerce>): R of kotlin.jvm.internal.<unsafe-coerce> declared in kotlin.jvm.internal' type=androidx.compose.ui.graphics.Color origin=null
                  TYPE_ARG T: kotlin.Long
                  TYPE_ARG R: androidx.compose.ui.graphics.Color
                  ARG v: CONST Long type=kotlin.Long value=0
              ARG disabledContainerColor: COMPOSITE type=androidx.compose.ui.graphics.Color origin=DEFAULT_VALUE
                CALL 'public final fun <unsafe-coerce> <T, R> (v: T of kotlin.jvm.internal.<unsafe-coerce>): R of kotlin.jvm.internal.<unsafe-coerce> declared in kotlin.jvm.internal' type=androidx.compose.ui.graphics.Color origin=null
                  TYPE_ARG T: kotlin.Long
                  TYPE_ARG R: androidx.compose.ui.graphics.Color
                  ARG v: CONST Long type=kotlin.Long value=0
              ARG disabledContentColor: COMPOSITE type=androidx.compose.ui.graphics.Color origin=DEFAULT_VALUE
                CALL 'public final fun <unsafe-coerce> <T, R> (v: T of kotlin.jvm.internal.<unsafe-coerce>): R of kotlin.jvm.internal.<unsafe-coerce> declared in kotlin.jvm.internal' type=androidx.compose.ui.graphics.Color origin=null
                  TYPE_ARG T: kotlin.Long
                  TYPE_ARG R: androidx.compose.ui.graphics.Color
                  ARG v: CONST Long type=kotlin.Long value=0
              ARG $mask0: CONST Int type=kotlin.Int value=14
              ARG $handler: CONST Null type=kotlin.Any? value=null
            ARG elevation: CALL 'public final fun cardElevation-i0G_0kk$default ($this: androidx.compose.material3.CardDefaults, defaultElevation: androidx.compose.ui.unit.Dp, pressedElevation: androidx.compose.ui.unit.Dp, focusedElevation: androidx.compose.ui.unit.Dp, hoveredElevation: androidx.compose.ui.unit.Dp, draggedElevation: androidx.compose.ui.unit.Dp, disabledElevation: androidx.compose.ui.unit.Dp, $mask0: kotlin.Int, $handler: kotlin.Any?): androidx.compose.material3.CardElevation declared in androidx.compose.material3.CardDefaults' type=androidx.compose.material3.CardElevation origin=DEFAULT_DISPATCH_CALL
              ARG $this: GET_FIELD 'FIELD FIELD_FOR_OBJECT_INSTANCE name:INSTANCE type:androidx.compose.material3.CardDefaults visibility:public [final,static] declared in androidx.compose.material3.CardDefaults' type=androidx.compose.material3.CardDefaults origin=null
              ARG defaultElevation: GET_VAR 'val elevation: androidx.compose.ui.unit.Dp [val] declared in com.kb.core_engine.ComponentRendererKt.StyledComponentContainer' type=androidx.compose.ui.unit.Dp origin=null
              ARG pressedElevation: COMPOSITE type=androidx.compose.ui.unit.Dp origin=DEFAULT_VALUE
                CALL 'public final fun <unsafe-coerce> <T, R> (v: T of kotlin.jvm.internal.<unsafe-coerce>): R of kotlin.jvm.internal.<unsafe-coerce> declared in kotlin.jvm.internal' type=androidx.compose.ui.unit.Dp origin=null
                  TYPE_ARG T: kotlin.Float
                  TYPE_ARG R: androidx.compose.ui.unit.Dp
                  ARG v: CONST Float type=kotlin.Float value=0.0
              ARG focusedElevation: COMPOSITE type=androidx.compose.ui.unit.Dp origin=DEFAULT_VALUE
                CALL 'public final fun <unsafe-coerce> <T, R> (v: T of kotlin.jvm.internal.<unsafe-coerce>): R of kotlin.jvm.internal.<unsafe-coerce> declared in kotlin.jvm.internal' type=androidx.compose.ui.unit.Dp origin=null
                  TYPE_ARG T: kotlin.Float
                  TYPE_ARG R: androidx.compose.ui.unit.Dp
                  ARG v: CONST Float type=kotlin.Float value=0.0
              ARG hoveredElevation: COMPOSITE type=androidx.compose.ui.unit.Dp origin=DEFAULT_VALUE
                CALL 'public final fun <unsafe-coerce> <T, R> (v: T of kotlin.jvm.internal.<unsafe-coerce>): R of kotlin.jvm.internal.<unsafe-coerce> declared in kotlin.jvm.internal' type=androidx.compose.ui.unit.Dp origin=null
                  TYPE_ARG T: kotlin.Float
                  TYPE_ARG R: androidx.compose.ui.unit.Dp
                  ARG v: CONST Float type=kotlin.Float value=0.0
              ARG draggedElevation: COMPOSITE type=androidx.compose.ui.unit.Dp origin=DEFAULT_VALUE
                CALL 'public final fun <unsafe-coerce> <T, R> (v: T of kotlin.jvm.internal.<unsafe-coerce>): R of kotlin.jvm.internal.<unsafe-coerce> declared in kotlin.jvm.internal' type=androidx.compose.ui.unit.Dp origin=null
                  TYPE_ARG T: kotlin.Float
                  TYPE_ARG R: androidx.compose.ui.unit.Dp
                  ARG v: CONST Float type=kotlin.Float value=0.0
              ARG disabledElevation: COMPOSITE type=androidx.compose.ui.unit.Dp origin=DEFAULT_VALUE
                CALL 'public final fun <unsafe-coerce> <T, R> (v: T of kotlin.jvm.internal.<unsafe-coerce>): R of kotlin.jvm.internal.<unsafe-coerce> declared in kotlin.jvm.internal' type=androidx.compose.ui.unit.Dp origin=null
                  TYPE_ARG T: kotlin.Float
                  TYPE_ARG R: androidx.compose.ui.unit.Dp
                  ARG v: CONST Float type=kotlin.Float value=0.0
              ARG $mask0: CONST Int type=kotlin.Int value=62
              ARG $handler: CONST Null type=kotlin.Any? value=null
            ARG border: COMPOSITE type=androidx.compose.foundation.BorderStroke? origin=DEFAULT_VALUE
              CONST Null type=androidx.compose.foundation.BorderStroke? value=null
            ARG content: BLOCK type=@[ExtensionFunctionType] kotlin.Function1<androidx.compose.foundation.layout.ColumnScope, kotlin.Unit> origin=LAMBDA
              COMPOSITE type=kotlin.Unit origin=null
              CALL 'public final fun <jvm-indy> <T> (dynamicCall: T of kotlin.jvm.internal.<jvm-indy>, bootstrapMethodHandle: kotlin.Any, vararg bootstrapMethodArguments: kotlin.Any): T of kotlin.jvm.internal.<jvm-indy> declared in kotlin.jvm.internal' type=@[ExtensionFunctionType] kotlin.Function1<androidx.compose.foundation.layout.ColumnScope, kotlin.Unit> origin=null
                TYPE_ARG T: @[ExtensionFunctionType] kotlin.Function1<androidx.compose.foundation.layout.ColumnScope, kotlin.Unit>
                ARG dynamicCall: CALL 'public final fun invoke (p0: com.kb.core_engine.Padding?, p1: @[Composable] kotlin.Function0<kotlin.Unit>): @[ExtensionFunctionType] kotlin.Function1<androidx.compose.foundation.layout.ColumnScope, kotlin.Unit> declared in kotlin.jvm.internal.invokeDynamic' type=@[ExtensionFunctionType] kotlin.Function1<androidx.compose.foundation.layout.ColumnScope, kotlin.Unit> origin=null
                  ARG p0: GET_VAR 'val padding: com.kb.core_engine.Padding? [val] declared in com.kb.core_engine.ComponentRendererKt.StyledComponentContainer' type=com.kb.core_engine.Padding? origin=null
                  ARG p1: GET_VAR 'content: @[Composable] kotlin.Function0<kotlin.Unit> declared in com.kb.core_engine.ComponentRendererKt.StyledComponentContainer' type=@[Composable] kotlin.Function0<kotlin.Unit> origin=null
                ARG bootstrapMethodHandle: CALL 'public final fun <jvm-method-handle> (tag: kotlin.Int, owner: kotlin.String, name: kotlin.String, descriptor: kotlin.String, isInterface: kotlin.Boolean): kotlin.Any declared in kotlin.jvm.internal' type=kotlin.Any origin=null
                  ARG tag: CONST Int type=kotlin.Int value=6
                  ARG owner: CONST String type=kotlin.String value="java/lang/invoke/LambdaMetafactory"
                  ARG name: CONST String type=kotlin.String value="metafactory"
                  ARG descriptor: CONST String type=kotlin.String value="(Ljava/lang/invoke/MethodHandles$Lookup;Ljava/lang/String;Ljava/lang/invoke/MethodType;Ljava/lang/invoke/MethodType;Ljava/lang/invoke/MethodHandle;Ljava/lang/invoke/MethodType;)Ljava/lang/invoke/CallSite;"
                  ARG isInterface: CONST Boolean type=kotlin.Boolean value=false
                ARG bootstrapMethodArguments: VARARG type=kotlin.Array<kotlin.Any> varargElementType=kotlin.Any
                  CALL 'public final fun <jvm-original-method-type> (method: kotlin.Any): kotlin.Any declared in kotlin.jvm.internal' type=kotlin.Any origin=null
                    ARG method: RAW_FUNCTION_REFERENCE 'public abstract fun invoke (p1: P1 of kotlin.Function1): R of kotlin.Function1 [operator] declared in kotlin.Function1' type=kotlin.Any
                  RAW_FUNCTION_REFERENCE 'private final fun StyledComponentContainer$lambda$6 ($padding: com.kb.core_engine.Padding?, $content: @[Composable] kotlin.Function0<kotlin.Unit>, $this$Card: androidx.compose.foundation.layout.ColumnScope): kotlin.Unit? declared in com.kb.core_engine.ComponentRendererKt' type=kotlin.Any
                  CALL 'public final fun <jvm-original-method-type> (method: kotlin.Any): kotlin.Any declared in kotlin.jvm.internal' type=kotlin.Any origin=null
                    ARG method: RAW_FUNCTION_REFERENCE 'public abstract fun invoke (p1: androidx.compose.foundation.layout.ColumnScope): kotlin.Unit? [fake_override,operator] declared in kotlin.jvm.internal.invokeDynamic.<fake>' type=kotlin.Any
            ARG $mask0: CONST Int type=kotlin.Int value=16
            ARG $handler: CONST Null type=kotlin.Any? value=null
      BRANCH
        if: CONST Boolean type=kotlin.Boolean value=true
        then: BLOCK type=kotlin.Unit origin=null
          CALL 'public final fun Box$default (modifier: androidx.compose.ui.Modifier?, contentAlignment: androidx.compose.ui.Alignment?, propagateMinConstraints: kotlin.Boolean, content: @[Composable] @[ExtensionFunctionType] kotlin.Function1<androidx.compose.foundation.layout.BoxScope, kotlin.Unit>, $mask0: kotlin.Int, $handler: kotlin.Any?): kotlin.Unit [inline] declared in androidx.compose.foundation.layout.BoxKt' type=kotlin.Unit origin=DEFAULT_DISPATCH_CALL
            ARG modifier: CALL 'public final fun padding-qDBjuR0 ($this$padding: androidx.compose.ui.Modifier, start: androidx.compose.ui.unit.Dp, top: androidx.compose.ui.unit.Dp, end: androidx.compose.ui.unit.Dp, bottom: androidx.compose.ui.unit.Dp): androidx.compose.ui.Modifier declared in androidx.compose.foundation.layout.PaddingKt' type=androidx.compose.ui.Modifier origin=null
              ARG $this$padding: GET_VAR 'val outerModifier: androidx.compose.ui.Modifier [val] declared in com.kb.core_engine.ComponentRendererKt.StyledComponentContainer' type=androidx.compose.ui.Modifier origin=null
              ARG start: CALL 'public final fun <get-dp> (<this>: kotlin.Int): androidx.compose.ui.unit.Dp [inline] declared in androidx.compose.ui.unit.DpKt' type=androidx.compose.ui.unit.Dp origin=GET_PROPERTY
                ARG <this>: BLOCK type=kotlin.Int origin=FOLDED_ELVIS
                  WHEN type=kotlin.Int origin=FOLDED_ELVIS
                    BRANCH
                      if: CALL 'public final fun ANDAND (arg0: kotlin.Boolean, arg1: kotlin.Boolean): kotlin.Boolean declared in kotlin.internal.ir' type=kotlin.Boolean origin=null
                        ARG arg0: COMPOSITE type=kotlin.Boolean origin=null
                          CALL 'public final fun not (): kotlin.Boolean [operator] declared in kotlin.Boolean' type=kotlin.Boolean origin=null
                            ARG <this>: CALL 'public final fun EQEQ (arg0: kotlin.Any?, arg1: kotlin.Any?): kotlin.Boolean declared in kotlin.internal.ir' type=kotlin.Boolean origin=null
                              ARG arg0: GET_VAR 'val padding: com.kb.core_engine.Padding? [val] declared in com.kb.core_engine.ComponentRendererKt.StyledComponentContainer' type=com.kb.core_engine.Padding? origin=null
                              ARG arg1: CONST Null type=kotlin.Nothing? value=null
                        ARG arg1: COMPOSITE type=kotlin.Boolean origin=null
                          VAR IR_TEMPORARY_VARIABLE name:tmp18_elvis_lhs type:kotlin.Int [val]
                            CALL 'public final fun <get-start> (): kotlin.Int declared in com.kb.core_engine.Padding' type=kotlin.Int origin=GET_PROPERTY
                              ARG <this>: GET_VAR 'val padding: com.kb.core_engine.Padding? [val] declared in com.kb.core_engine.ComponentRendererKt.StyledComponentContainer' type=com.kb.core_engine.Padding? origin=null
                          CALL 'public final fun not (): kotlin.Boolean [operator] declared in kotlin.Boolean' type=kotlin.Boolean origin=null
                            ARG <this>: CALL 'public final fun EQEQ (arg0: kotlin.Any?, arg1: kotlin.Any?): kotlin.Boolean declared in kotlin.internal.ir' type=kotlin.Boolean origin=null
                              ARG arg0: GET_VAR 'val tmp18_elvis_lhs: kotlin.Int [val] declared in com.kb.core_engine.ComponentRendererKt.StyledComponentContainer' type=kotlin.Int origin=null
                              ARG arg1: CONST Null type=kotlin.Nothing? value=null
                      then: GET_VAR 'val tmp18_elvis_lhs: kotlin.Int [val] declared in com.kb.core_engine.ComponentRendererKt.StyledComponentContainer' type=kotlin.Int origin=null
                    BRANCH
                      if: CONST Boolean type=kotlin.Boolean value=true
                      then: CONST Int type=kotlin.Int value=0
              ARG top: CALL 'public final fun <get-dp> (<this>: kotlin.Int): androidx.compose.ui.unit.Dp [inline] declared in androidx.compose.ui.unit.DpKt' type=androidx.compose.ui.unit.Dp origin=GET_PROPERTY
                ARG <this>: BLOCK type=kotlin.Int origin=FOLDED_ELVIS
                  WHEN type=kotlin.Int origin=FOLDED_ELVIS
                    BRANCH
                      if: CALL 'public final fun ANDAND (arg0: kotlin.Boolean, arg1: kotlin.Boolean): kotlin.Boolean declared in kotlin.internal.ir' type=kotlin.Boolean origin=null
                        ARG arg0: COMPOSITE type=kotlin.Boolean origin=null
                          CALL 'public final fun not (): kotlin.Boolean [operator] declared in kotlin.Boolean' type=kotlin.Boolean origin=null
                            ARG <this>: CALL 'public final fun EQEQ (arg0: kotlin.Any?, arg1: kotlin.Any?): kotlin.Boolean declared in kotlin.internal.ir' type=kotlin.Boolean origin=null
                              ARG arg0: GET_VAR 'val padding: com.kb.core_engine.Padding? [val] declared in com.kb.core_engine.ComponentRendererKt.StyledComponentContainer' type=com.kb.core_engine.Padding? origin=null
                              ARG arg1: CONST Null type=kotlin.Nothing? value=null
                        ARG arg1: COMPOSITE type=kotlin.Boolean origin=null
                          VAR IR_TEMPORARY_VARIABLE name:tmp20_elvis_lhs type:kotlin.Int [val]
                            CALL 'public final fun <get-top> (): kotlin.Int declared in com.kb.core_engine.Padding' type=kotlin.Int origin=GET_PROPERTY
                              ARG <this>: GET_VAR 'val padding: com.kb.core_engine.Padding? [val] declared in com.kb.core_engine.ComponentRendererKt.StyledComponentContainer' type=com.kb.core_engine.Padding? origin=null
                          CALL 'public final fun not (): kotlin.Boolean [operator] declared in kotlin.Boolean' type=kotlin.Boolean origin=null
                            ARG <this>: CALL 'public final fun EQEQ (arg0: kotlin.Any?, arg1: kotlin.Any?): kotlin.Boolean declared in kotlin.internal.ir' type=kotlin.Boolean origin=null
                              ARG arg0: GET_VAR 'val tmp20_elvis_lhs: kotlin.Int [val] declared in com.kb.core_engine.ComponentRendererKt.StyledComponentContainer' type=kotlin.Int origin=null
                              ARG arg1: CONST Null type=kotlin.Nothing? value=null
                      then: GET_VAR 'val tmp20_elvis_lhs: kotlin.Int [val] declared in com.kb.core_engine.ComponentRendererKt.StyledComponentContainer' type=kotlin.Int origin=null
                    BRANCH
                      if: CONST Boolean type=kotlin.Boolean value=true
                      then: CONST Int type=kotlin.Int value=0
              ARG end: CALL 'public final fun <get-dp> (<this>: kotlin.Int): androidx.compose.ui.unit.Dp [inline] declared in androidx.compose.ui.unit.DpKt' type=androidx.compose.ui.unit.Dp origin=GET_PROPERTY
                ARG <this>: BLOCK type=kotlin.Int origin=FOLDED_ELVIS
                  WHEN type=kotlin.Int origin=FOLDED_ELVIS
                    BRANCH
                      if: CALL 'public final fun ANDAND (arg0: kotlin.Boolean, arg1: kotlin.Boolean): kotlin.Boolean declared in kotlin.internal.ir' type=kotlin.Boolean origin=null
                        ARG arg0: COMPOSITE type=kotlin.Boolean origin=null
                          CALL 'public final fun not (): kotlin.Boolean [operator] declared in kotlin.Boolean' type=kotlin.Boolean origin=null
                            ARG <this>: CALL 'public final fun EQEQ (arg0: kotlin.Any?, arg1: kotlin.Any?): kotlin.Boolean declared in kotlin.internal.ir' type=kotlin.Boolean origin=null
                              ARG arg0: GET_VAR 'val padding: com.kb.core_engine.Padding? [val] declared in com.kb.core_engine.ComponentRendererKt.StyledComponentContainer' type=com.kb.core_engine.Padding? origin=null
                              ARG arg1: CONST Null type=kotlin.Nothing? value=null
                        ARG arg1: COMPOSITE type=kotlin.Boolean origin=null
                          VAR IR_TEMPORARY_VARIABLE name:tmp22_elvis_lhs type:kotlin.Int [val]
                            CALL 'public final fun <get-end> (): kotlin.Int declared in com.kb.core_engine.Padding' type=kotlin.Int origin=GET_PROPERTY
                              ARG <this>: GET_VAR 'val padding: com.kb.core_engine.Padding? [val] declared in com.kb.core_engine.ComponentRendererKt.StyledComponentContainer' type=com.kb.core_engine.Padding? origin=null
                          CALL 'public final fun not (): kotlin.Boolean [operator] declared in kotlin.Boolean' type=kotlin.Boolean origin=null
                            ARG <this>: CALL 'public final fun EQEQ (arg0: kotlin.Any?, arg1: kotlin.Any?): kotlin.Boolean declared in kotlin.internal.ir' type=kotlin.Boolean origin=null
                              ARG arg0: GET_VAR 'val tmp22_elvis_lhs: kotlin.Int [val] declared in com.kb.core_engine.ComponentRendererKt.StyledComponentContainer' type=kotlin.Int origin=null
                              ARG arg1: CONST Null type=kotlin.Nothing? value=null
                      then: GET_VAR 'val tmp22_elvis_lhs: kotlin.Int [val] declared in com.kb.core_engine.ComponentRendererKt.StyledComponentContainer' type=kotlin.Int origin=null
                    BRANCH
                      if: CONST Boolean type=kotlin.Boolean value=true
                      then: CONST Int type=kotlin.Int value=0
              ARG bottom: CALL 'public final fun <get-dp> (<this>: kotlin.Int): androidx.compose.ui.unit.Dp [inline] declared in androidx.compose.ui.unit.DpKt' type=androidx.compose.ui.unit.Dp origin=GET_PROPERTY
                ARG <this>: BLOCK type=kotlin.Int origin=FOLDED_ELVIS
                  WHEN type=kotlin.Int origin=FOLDED_ELVIS
                    BRANCH
                      if: CALL 'public final fun ANDAND (arg0: kotlin.Boolean, arg1: kotlin.Boolean): kotlin.Boolean declared in kotlin.internal.ir' type=kotlin.Boolean origin=null
                        ARG arg0: COMPOSITE type=kotlin.Boolean origin=null
                          CALL 'public final fun not (): kotlin.Boolean [operator] declared in kotlin.Boolean' type=kotlin.Boolean origin=null
                            ARG <this>: CALL 'public final fun EQEQ (arg0: kotlin.Any?, arg1: kotlin.Any?): kotlin.Boolean declared in kotlin.internal.ir' type=kotlin.Boolean origin=null
                              ARG arg0: GET_VAR 'val padding: com.kb.core_engine.Padding? [val] declared in com.kb.core_engine.ComponentRendererKt.StyledComponentContainer' type=com.kb.core_engine.Padding? origin=null
                              ARG arg1: CONST Null type=kotlin.Nothing? value=null
                        ARG arg1: COMPOSITE type=kotlin.Boolean origin=null
                          VAR IR_TEMPORARY_VARIABLE name:tmp24_elvis_lhs type:kotlin.Int [val]
                            CALL 'public final fun <get-bottom> (): kotlin.Int declared in com.kb.core_engine.Padding' type=kotlin.Int origin=GET_PROPERTY
                              ARG <this>: GET_VAR 'val padding: com.kb.core_engine.Padding? [val] declared in com.kb.core_engine.ComponentRendererKt.StyledComponentContainer' type=com.kb.core_engine.Padding? origin=null
                          CALL 'public final fun not (): kotlin.Boolean [operator] declared in kotlin.Boolean' type=kotlin.Boolean origin=null
                            ARG <this>: CALL 'public final fun EQEQ (arg0: kotlin.Any?, arg1: kotlin.Any?): kotlin.Boolean declared in kotlin.internal.ir' type=kotlin.Boolean origin=null
                              ARG arg0: GET_VAR 'val tmp24_elvis_lhs: kotlin.Int [val] declared in com.kb.core_engine.ComponentRendererKt.StyledComponentContainer' type=kotlin.Int origin=null
                              ARG arg1: CONST Null type=kotlin.Nothing? value=null
                      then: GET_VAR 'val tmp24_elvis_lhs: kotlin.Int [val] declared in com.kb.core_engine.ComponentRendererKt.StyledComponentContainer' type=kotlin.Int origin=null
                    BRANCH
                      if: CONST Boolean type=kotlin.Boolean value=true
                      then: CONST Int type=kotlin.Int value=0
            ARG contentAlignment: COMPOSITE type=androidx.compose.ui.Alignment? origin=DEFAULT_VALUE
              CONST Null type=androidx.compose.ui.Alignment? value=null
            ARG propagateMinConstraints: COMPOSITE type=kotlin.Boolean origin=DEFAULT_VALUE
              CONST Boolean type=kotlin.Boolean value=false
            ARG content: BLOCK type=@[ExtensionFunctionType] kotlin.Function1<androidx.compose.foundation.layout.BoxScope, kotlin.Unit> origin=LAMBDA
              COMPOSITE type=kotlin.Unit origin=null
              FUNCTION_REFERENCE 'private final fun StyledComponentContainer$lambda$7 ($this$Box: androidx.compose.foundation.layout.BoxScope, $content: @[Composable] kotlin.Function0<kotlin.Unit>): kotlin.Unit declared in com.kb.core_engine.ComponentRendererKt' type=@[ExtensionFunctionType] kotlin.Function1<androidx.compose.foundation.layout.BoxScope, kotlin.Unit> origin=INLINE_LAMBDA reflectionTarget=null
                ARG $content: GET_VAR 'content: @[Composable] kotlin.Function0<kotlin.Unit> declared in com.kb.core_engine.ComponentRendererKt.StyledComponentContainer' type=@[Composable] kotlin.Function0<kotlin.Unit> origin=null
            ARG $mask0: CONST Int type=kotlin.Int value=6
            ARG $handler: CONST Null type=kotlin.Any? value=null

	at org.jetbrains.kotlin.backend.jvm.codegen.FunctionCodegen.generate(FunctionCodegen.kt:50)
	at org.jetbrains.kotlin.backend.jvm.codegen.FunctionCodegen.generate$default(FunctionCodegen.kt:43)
	at org.jetbrains.kotlin.backend.jvm.codegen.ClassCodegen.generateMethodNode(ClassCodegen.kt:422)
	at org.jetbrains.kotlin.backend.jvm.codegen.ClassCodegen.generateMethod(ClassCodegen.kt:439)
	at org.jetbrains.kotlin.backend.jvm.codegen.ClassCodegen.generate(ClassCodegen.kt:164)
	at org.jetbrains.kotlin.backend.jvm.JvmIrCodegenFactory.generateFile(JvmIrCodegenFactory.kt:419)
	at org.jetbrains.kotlin.backend.jvm.JvmIrCodegenFactory.invokeCodegen(JvmIrCodegenFactory.kt:388)
	at org.jetbrains.kotlin.cli.jvm.compiler.KotlinToJVMBytecodeCompiler.runCodegen$cli(KotlinToJVMBytecodeCompiler.kt:431)
	at org.jetbrains.kotlin.cli.pipeline.jvm.JvmBackendPipelinePhase.executePhase(JvmBackendPipelinePhase.kt:95)
	at org.jetbrains.kotlin.cli.pipeline.jvm.JvmBackendPipelinePhase.executePhase(JvmBackendPipelinePhase.kt:36)
	at org.jetbrains.kotlin.cli.pipeline.jvm.JvmBackendPipelinePhase.executePhase(JvmBackendPipelinePhase.kt:29)
	at org.jetbrains.kotlin.cli.pipeline.PipelinePhase.phaseBody(PipelinePhase.kt:68)
	at org.jetbrains.kotlin.cli.pipeline.PipelinePhase.phaseBody(PipelinePhase.kt:58)
	at org.jetbrains.kotlin.config.phaser.NamedCompilerPhase.invoke(CompilerPhase.kt:102)
	at org.jetbrains.kotlin.backend.common.phaser.CompositePhase.invoke(PhaseBuilders.kt:22)
	at org.jetbrains.kotlin.config.phaser.CompilerPhaseKt.invokeToplevel(CompilerPhase.kt:53)
	at org.jetbrains.kotlin.cli.pipeline.AbstractCliPipeline.runPhasedPipeline(AbstractCliPipeline.kt:109)
	at org.jetbrains.kotlin.cli.pipeline.AbstractCliPipeline.execute(AbstractCliPipeline.kt:68)
	at org.jetbrains.kotlin.cli.jvm.K2JVMCompiler.doExecutePhased(K2JVMCompiler.kt:78)
	at org.jetbrains.kotlin.cli.jvm.K2JVMCompiler.doExecutePhased(K2JVMCompiler.kt:44)
	at org.jetbrains.kotlin.cli.common.CLICompiler.execImpl(CLICompiler.kt:90)
	at org.jetbrains.kotlin.cli.common.CLICompiler.exec(CLICompiler.kt:352)
	at org.jetbrains.kotlin.incremental.IncrementalJvmCompilerRunnerBase.runCompiler(IncrementalJvmCompilerRunnerBase.kt:175)
	at org.jetbrains.kotlin.incremental.IncrementalJvmCompilerRunnerBase.runCompiler(IncrementalJvmCompilerRunnerBase.kt:38)
	at org.jetbrains.kotlin.incremental.IncrementalCompilerRunner.doCompile(IncrementalCompilerRunner.kt:504)
	at org.jetbrains.kotlin.incremental.IncrementalCompilerRunner.compileImpl(IncrementalCompilerRunner.kt:421)
	at org.jetbrains.kotlin.incremental.IncrementalCompilerRunner.compileNonIncrementally(IncrementalCompilerRunner.kt:306)
	at org.jetbrains.kotlin.incremental.IncrementalCompilerRunner.compile(IncrementalCompilerRunner.kt:133)
	at org.jetbrains.kotlin.daemon.CompileServiceImplBase.execIncrementalCompiler(CompileServiceImpl.kt:679)
	at org.jetbrains.kotlin.daemon.CompileServiceImplBase.access$execIncrementalCompiler(CompileServiceImpl.kt:93)
	at org.jetbrains.kotlin.daemon.CompileServiceImpl.compile(CompileServiceImpl.kt:1806)
	at java.base/jdk.internal.reflect.DirectMethodHandleAccessor.invoke(Unknown Source)
	at java.base/java.lang.reflect.Method.invoke(Unknown Source)
	at java.rmi/sun.rmi.server.UnicastServerRef.dispatch(Unknown Source)
	at java.rmi/sun.rmi.transport.Transport$1.run(Unknown Source)
	at java.rmi/sun.rmi.transport.Transport$1.run(Unknown Source)
	at java.base/java.security.AccessController.doPrivileged(Unknown Source)
	at java.rmi/sun.rmi.transport.Transport.serviceCall(Unknown Source)
	at java.rmi/sun.rmi.transport.tcp.TCPTransport.handleMessages(Unknown Source)
	at java.rmi/sun.rmi.transport.tcp.TCPTransport$ConnectionHandler.run0(Unknown Source)
	at java.rmi/sun.rmi.transport.tcp.TCPTransport$ConnectionHandler.lambda$run$0(Unknown Source)
	at java.base/java.security.AccessController.doPrivileged(Unknown Source)
	at java.rmi/sun.rmi.transport.tcp.TCPTransport$ConnectionHandler.run(Unknown Source)
	at java.base/java.util.concurrent.ThreadPoolExecutor.runWorker(Unknown Source)
	at java.base/java.util.concurrent.ThreadPoolExecutor$Worker.run(Unknown Source)
	at java.base/java.lang.Thread.run(Unknown Source)
Caused by: org.jetbrains.kotlin.codegen.CompilationException: Back-end (JVM) Internal error: Couldn't inline method call: CALL 'public final fun Box$default (modifier: androidx.compose.ui.Modifier?, contentAlignment: androidx.compose.ui.Alignment?, propagateMinConstraints: kotlin.Boolean, content: @[Composable] @[ExtensionFunctionType] kotlin.Function1<androidx.compose.foundation.layout.BoxScope, kotlin.Unit>, $mask0: kotlin.Int, $handler: kotlin.Any?): kotlin.Unit [inline] declared in androidx.compose.foundation.layout.BoxKt' type=kotlin.Unit origin=DEFAULT_DISPATCH_CALL
Method: null
File is unknown
The root cause java.lang.IllegalStateException was thrown at: org.jetbrains.kotlin.codegen.inline.SourceCompilerForInlineKt.getMethodNode(SourceCompilerForInline.kt:129)
	at org.jetbrains.kotlin.backend.jvm.codegen.IrInlineCodegen.genInlineCall(IrInlineCodegen.kt:82)
	at org.jetbrains.kotlin.backend.jvm.codegen.IrInlineCallGenerator.genCall(IrInlineCallGenerator.kt:36)
	at org.jetbrains.kotlin.backend.jvm.codegen.ExpressionCodegen.visitCall(ExpressionCodegen.kt:586)
	at org.jetbrains.kotlin.backend.jvm.codegen.ExpressionCodegen.visitCall(ExpressionCodegen.kt:135)
	at org.jetbrains.kotlin.ir.expressions.IrCall.accept(IrCall.kt:24)
	at org.jetbrains.kotlin.backend.jvm.codegen.ExpressionCodegen.visitStatementContainer(ExpressionCodegen.kt:527)
	at org.jetbrains.kotlin.backend.jvm.codegen.ExpressionCodegen.visitContainerExpression(ExpressionCodegen.kt:541)
	at org.jetbrains.kotlin.backend.jvm.codegen.ExpressionCodegen.visitContainerExpression(ExpressionCodegen.kt:135)
	at org.jetbrains.kotlin.ir.visitors.IrVisitor.visitBlock(IrVisitor.kt:122)
	at org.jetbrains.kotlin.backend.jvm.codegen.ExpressionCodegen.visitBlock(ExpressionCodegen.kt:413)
	at org.jetbrains.kotlin.backend.jvm.codegen.ExpressionCodegen.visitBlock(ExpressionCodegen.kt:135)
	at org.jetbrains.kotlin.ir.expressions.IrBlock.accept(IrBlock.kt:18)
	at org.jetbrains.kotlin.backend.jvm.codegen.ExpressionCodegen.visitWhen(ExpressionCodegen.kt:1049)
	at org.jetbrains.kotlin.backend.jvm.codegen.ExpressionCodegen.visitWhen(ExpressionCodegen.kt:135)
	at org.jetbrains.kotlin.ir.expressions.IrWhen.accept(IrWhen.kt:24)
	at org.jetbrains.kotlin.backend.jvm.codegen.ExpressionCodegen.visitStatementContainer(ExpressionCodegen.kt:527)
	at org.jetbrains.kotlin.backend.jvm.codegen.ExpressionCodegen.visitBlockBody(ExpressionCodegen.kt:532)
	at org.jetbrains.kotlin.backend.jvm.codegen.ExpressionCodegen.visitBlockBody(ExpressionCodegen.kt:135)
	at org.jetbrains.kotlin.ir.expressions.IrBlockBody.accept(IrBlockBody.kt:20)
	at org.jetbrains.kotlin.backend.jvm.codegen.ExpressionCodegen.generate(ExpressionCodegen.kt:233)
	at org.jetbrains.kotlin.backend.jvm.codegen.FunctionCodegen.doGenerate(FunctionCodegen.kt:126)
	at org.jetbrains.kotlin.backend.jvm.codegen.FunctionCodegen.generate(FunctionCodegen.kt:47)
	... 45 more
Caused by: java.lang.IllegalStateException: couldn't find inline method Landroidx/compose/foundation/layout/BoxKt;.Box$default(Landroidx/compose/ui/Modifier;Landroidx/compose/ui/Alignment;ZLkotlin/jvm/functions/Function1;ILjava/lang/Object;)V
	at org.jetbrains.kotlin.codegen.inline.SourceCompilerForInlineKt.getMethodNode(SourceCompilerForInline.kt:129)
	at org.jetbrains.kotlin.codegen.inline.SourceCompilerForInlineKt.loadCompiledInlineFunction$lambda$2(SourceCompilerForInline.kt:98)
	at org.jetbrains.kotlin.codegen.inline.InlineCache.computeMethodBytes(InlineCache.kt:90)
	at org.jetbrains.kotlin.codegen.inline.SourceCompilerForInlineKt.loadCompiledInlineFunction(SourceCompilerForInline.kt:93)
	at org.jetbrains.kotlin.backend.jvm.codegen.IrSourceCompilerForInline.compileInlineFunction(IrSourceCompilerForInline.kt:96)
	at org.jetbrains.kotlin.backend.jvm.codegen.IrInlineCodegen.genInlineCall(IrInlineCodegen.kt:65)
	... 66 more


