kotlin version: 2.2.10
error message: java.lang.RuntimeException: Exception while generating code for:
FUN name:ArchitectTopBar visibility:public modality:FINAL returnType:kotlin.Unit
  VALUE_PARAMETER kind:Regular name:modifier index:0 type:androidx.compose.ui.Modifier
    EXPRESSION_BODY
      ERROR_EXPR 'Default Stub' type=androidx.compose.ui.Modifier
  VALUE_PARAMETER kind:Regular name:title index:1 type:kotlin.String
    EXPRESSION_BODY
      ERROR_EXPR 'Default Stub' type=kotlin.String
  VALUE_PARAMETER kind:Regular name:logoPainter index:2 type:androidx.compose.ui.graphics.painter.Painter?
    EXPRESSION_BODY
      ERROR_EXPR 'Default Stub' type=androidx.compose.ui.graphics.painter.Painter?
  VALUE_PARAMETER kind:Regular name:leadingIconName index:3 type:kotlin.String?
    EXPRESSION_BODY
      ERROR_EXPR 'Default Stub' type=kotlin.String?
  VALUE_PARAMETER kind:Regular name:showNotifications index:4 type:kotlin.Boolean
    EXPRESSION_BODY
      ERROR_EXPR 'Default Stub' type=kotlin.Boolean
  VALUE_PARAMETER kind:Regular name:showBackButton index:5 type:kotlin.Boolean
    EXPRESSION_BODY
      ERROR_EXPR 'Default Stub' type=kotlin.Boolean
  VALUE_PARAMETER kind:Regular name:onBackClick index:6 type:kotlin.Function0<kotlin.Unit>?
    EXPRESSION_BODY
      ERROR_EXPR 'Default Stub' type=kotlin.Function0<kotlin.Unit>?
  VALUE_PARAMETER kind:Regular name:showProfileIcon index:7 type:kotlin.Boolean
    EXPRESSION_BODY
      ERROR_EXPR 'Default Stub' type=kotlin.Boolean
  VALUE_PARAMETER kind:Regular name:showLeadingProfileIcon index:8 type:kotlin.Boolean
    EXPRESSION_BODY
      ERROR_EXPR 'Default Stub' type=kotlin.Boolean
  VALUE_PARAMETER kind:Regular name:showSearchIcon index:9 type:kotlin.Boolean
    EXPRESSION_BODY
      ERROR_EXPR 'Default Stub' type=kotlin.Boolean
  annotations:
    Composable
  BLOCK_BODY
    CALL 'public final fun Row$default (modifier: androidx.compose.ui.Modifier?, horizontalArrangement: androidx.compose.foundation.layout.Arrangement.Horizontal?, verticalAlignment: androidx.compose.ui.Alignment.Vertical?, content: @[Composable] @[ExtensionFunctionType] kotlin.Function1<androidx.compose.foundation.layout.RowScope, kotlin.Unit>, $mask0: kotlin.Int, $handler: kotlin.Any?): kotlin.Unit [inline] declared in androidx.compose.foundation.layout.RowKt' type=kotlin.Unit origin=DEFAULT_DISPATCH_CALL
      ARG modifier: CALL 'public final fun padding-VpY3zN4 ($this$padding: androidx.compose.ui.Modifier, horizontal: androidx.compose.ui.unit.Dp, vertical: androidx.compose.ui.unit.Dp): androidx.compose.ui.Modifier declared in androidx.compose.foundation.layout.PaddingKt' type=androidx.compose.ui.Modifier origin=null
        ARG $this$padding: CALL 'public final fun background-bw27NRU$default ($this$background: androidx.compose.ui.Modifier, color: androidx.compose.ui.graphics.Color, shape: androidx.compose.ui.graphics.Shape?, $mask0: kotlin.Int, $handler: kotlin.Any?): androidx.compose.ui.Modifier declared in androidx.compose.foundation.BackgroundKt' type=androidx.compose.ui.Modifier origin=DEFAULT_DISPATCH_CALL
          ARG $this$background: CALL 'public final fun fillMaxWidth$default (<this>: androidx.compose.ui.Modifier, fraction: kotlin.Float, $mask0: kotlin.Int, $handler: kotlin.Any?): androidx.compose.ui.Modifier declared in androidx.compose.foundation.layout.SizeKt' type=androidx.compose.ui.Modifier origin=DEFAULT_DISPATCH_CALL
            ARG <this>: GET_VAR 'modifier: androidx.compose.ui.Modifier declared in com.kb.designsystem.components.BankingComponentKt.ArchitectTopBar' type=androidx.compose.ui.Modifier origin=null
            ARG fraction: COMPOSITE type=kotlin.Float origin=DEFAULT_VALUE
              CONST Float type=kotlin.Float value=0.0
            ARG $mask0: CONST Int type=kotlin.Int value=1
            ARG $handler: CONST Null type=kotlin.Any? value=null
          ARG color: CALL 'public final fun getWhite-0d7_KjU (): androidx.compose.ui.graphics.Color declared in androidx.compose.ui.graphics.Color.Companion' type=androidx.compose.ui.graphics.Color origin=GET_PROPERTY
            ARG <this>: GET_FIELD 'FIELD FIELD_FOR_OBJECT_INSTANCE name:Companion type:androidx.compose.ui.graphics.Color.Companion visibility:public [final,static] declared in androidx.compose.ui.graphics.Color' type=androidx.compose.ui.graphics.Color.Companion origin=null
          ARG shape: COMPOSITE type=androidx.compose.ui.graphics.Shape? origin=DEFAULT_VALUE
            CONST Null type=androidx.compose.ui.graphics.Shape? value=null
          ARG $mask0: CONST Int type=kotlin.Int value=2
          ARG $handler: CONST Null type=kotlin.Any? value=null
        ARG horizontal: CALL 'public final fun <get-dp> (<this>: kotlin.Int): androidx.compose.ui.unit.Dp [inline] declared in androidx.compose.ui.unit.DpKt' type=androidx.compose.ui.unit.Dp origin=GET_PROPERTY
          ARG <this>: CONST Int type=kotlin.Int value=16
        ARG vertical: CALL 'public final fun <get-dp> (<this>: kotlin.Int): androidx.compose.ui.unit.Dp [inline] declared in androidx.compose.ui.unit.DpKt' type=androidx.compose.ui.unit.Dp origin=GET_PROPERTY
          ARG <this>: CONST Int type=kotlin.Int value=12
      ARG horizontalArrangement: COMPOSITE type=androidx.compose.foundation.layout.Arrangement.Horizontal? origin=DEFAULT_VALUE
        CONST Null type=androidx.compose.foundation.layout.Arrangement.Horizontal? value=null
      ARG verticalAlignment: CALL 'public final fun <get-CenterVertically> (): androidx.compose.ui.Alignment.Vertical declared in androidx.compose.ui.Alignment.Companion' type=androidx.compose.ui.Alignment.Vertical origin=GET_PROPERTY
        ARG <this>: GET_FIELD 'FIELD FIELD_FOR_OBJECT_INSTANCE name:Companion type:androidx.compose.ui.Alignment.Companion visibility:public [final,static] declared in androidx.compose.ui.Alignment' type=androidx.compose.ui.Alignment.Companion origin=null
      ARG content: BLOCK type=@[ExtensionFunctionType] kotlin.Function1<androidx.compose.foundation.layout.RowScope, kotlin.Unit> origin=LAMBDA
        COMPOSITE type=kotlin.Unit origin=null
        FUNCTION_REFERENCE 'private final fun ArchitectTopBar$lambda$4 ($this$Row: androidx.compose.foundation.layout.RowScope, $showBackButton: kotlin.Boolean, $showLeadingProfileIcon: kotlin.Boolean, $leadingIconName: kotlin.String?, $logoPainter: androidx.compose.ui.graphics.painter.Painter?, $title: kotlin.String, $showSearchIcon: kotlin.Boolean, $showNotifications: kotlin.Boolean, $showProfileIcon: kotlin.Boolean, $onBackClick: kotlin.Function0<kotlin.Unit>?): kotlin.Unit declared in com.kb.designsystem.components.BankingComponentKt' type=@[ExtensionFunctionType] kotlin.Function1<androidx.compose.foundation.layout.RowScope, kotlin.Unit> origin=INLINE_LAMBDA reflectionTarget=null
          ARG $showBackButton: GET_VAR 'showBackButton: kotlin.Boolean declared in com.kb.designsystem.components.BankingComponentKt.ArchitectTopBar' type=kotlin.Boolean origin=null
          ARG $showLeadingProfileIcon: GET_VAR 'showLeadingProfileIcon: kotlin.Boolean declared in com.kb.designsystem.components.BankingComponentKt.ArchitectTopBar' type=kotlin.Boolean origin=null
          ARG $leadingIconName: GET_VAR 'leadingIconName: kotlin.String? declared in com.kb.designsystem.components.BankingComponentKt.ArchitectTopBar' type=kotlin.String? origin=null
          ARG $logoPainter: GET_VAR 'logoPainter: androidx.compose.ui.graphics.painter.Painter? declared in com.kb.designsystem.components.BankingComponentKt.ArchitectTopBar' type=androidx.compose.ui.graphics.painter.Painter? origin=null
          ARG $title: GET_VAR 'title: kotlin.String declared in com.kb.designsystem.components.BankingComponentKt.ArchitectTopBar' type=kotlin.String origin=null
          ARG $showSearchIcon: GET_VAR 'showSearchIcon: kotlin.Boolean declared in com.kb.designsystem.components.BankingComponentKt.ArchitectTopBar' type=kotlin.Boolean origin=null
          ARG $showNotifications: GET_VAR 'showNotifications: kotlin.Boolean declared in com.kb.designsystem.components.BankingComponentKt.ArchitectTopBar' type=kotlin.Boolean origin=null
          ARG $showProfileIcon: GET_VAR 'showProfileIcon: kotlin.Boolean declared in com.kb.designsystem.components.BankingComponentKt.ArchitectTopBar' type=kotlin.Boolean origin=null
          ARG $onBackClick: GET_VAR 'onBackClick: kotlin.Function0<kotlin.Unit>? declared in com.kb.designsystem.components.BankingComponentKt.ArchitectTopBar' type=kotlin.Function0<kotlin.Unit>? origin=null
      ARG $mask0: CONST Int type=kotlin.Int value=2
      ARG $handler: CONST Null type=kotlin.Any? value=null

	at org.jetbrains.kotlin.backend.jvm.codegen.FunctionCodegen.generate(FunctionCodegen.kt:50)
	at org.jetbrains.kotlin.backend.jvm.codegen.FunctionCodegen.generate$default(FunctionCodegen.kt:43)
	at org.jetbrains.kotlin.backend.jvm.codegen.ClassCodegen.generateMethodNode(ClassCodegen.kt:422)
	at org.jetbrains.kotlin.backend.jvm.codegen.ClassCodegen.generateMethod(ClassCodegen.kt:439)
	at org.jetbrains.kotlin.backend.jvm.codegen.ClassCodegen.generate(ClassCodegen.kt:164)
	at org.jetbrains.kotlin.backend.jvm.JvmIrCodegenFactory.generateFile(JvmIrCodegenFactory.kt:419)
	at org.jetbrains.kotlin.backend.jvm.JvmIrCodegenFactory.invokeCodegen(JvmIrCodegenFactory.kt:388)
	at org.jetbrains.kotlin.cli.jvm.compiler.KotlinToJVMBytecodeCompiler.runCodegen$cli(KotlinToJVMBytecodeCompiler.kt:431)
	at org.jetbrains.kotlin.cli.pipeline.jvm.JvmBackendPipelinePhase.executePhase(JvmBackendPipelinePhase.kt:95)
	at org.jetbrains.kotlin.cli.pipeline.jvm.JvmBackendPipelinePhase.executePhase(JvmBackendPipelinePhase.kt:36)
	at org.jetbrains.kotlin.cli.pipeline.jvm.JvmBackendPipelinePhase.executePhase(JvmBackendPipelinePhase.kt:29)
	at org.jetbrains.kotlin.cli.pipeline.PipelinePhase.phaseBody(PipelinePhase.kt:68)
	at org.jetbrains.kotlin.cli.pipeline.PipelinePhase.phaseBody(PipelinePhase.kt:58)
	at org.jetbrains.kotlin.config.phaser.NamedCompilerPhase.invoke(CompilerPhase.kt:102)
	at org.jetbrains.kotlin.backend.common.phaser.CompositePhase.invoke(PhaseBuilders.kt:22)
	at org.jetbrains.kotlin.config.phaser.CompilerPhaseKt.invokeToplevel(CompilerPhase.kt:53)
	at org.jetbrains.kotlin.cli.pipeline.AbstractCliPipeline.runPhasedPipeline(AbstractCliPipeline.kt:109)
	at org.jetbrains.kotlin.cli.pipeline.AbstractCliPipeline.execute(AbstractCliPipeline.kt:68)
	at org.jetbrains.kotlin.cli.jvm.K2JVMCompiler.doExecutePhased(K2JVMCompiler.kt:78)
	at org.jetbrains.kotlin.cli.jvm.K2JVMCompiler.doExecutePhased(K2JVMCompiler.kt:44)
	at org.jetbrains.kotlin.cli.common.CLICompiler.execImpl(CLICompiler.kt:90)
	at org.jetbrains.kotlin.cli.common.CLICompiler.exec(CLICompiler.kt:352)
	at org.jetbrains.kotlin.incremental.IncrementalJvmCompilerRunnerBase.runCompiler(IncrementalJvmCompilerRunnerBase.kt:175)
	at org.jetbrains.kotlin.incremental.IncrementalJvmCompilerRunnerBase.runCompiler(IncrementalJvmCompilerRunnerBase.kt:38)
	at org.jetbrains.kotlin.incremental.IncrementalCompilerRunner.doCompile(IncrementalCompilerRunner.kt:504)
	at org.jetbrains.kotlin.incremental.IncrementalCompilerRunner.compileImpl(IncrementalCompilerRunner.kt:421)
	at org.jetbrains.kotlin.incremental.IncrementalCompilerRunner.compileNonIncrementally(IncrementalCompilerRunner.kt:306)
	at org.jetbrains.kotlin.incremental.IncrementalCompilerRunner.compile(IncrementalCompilerRunner.kt:133)
	at org.jetbrains.kotlin.daemon.CompileServiceImplBase.execIncrementalCompiler(CompileServiceImpl.kt:679)
	at org.jetbrains.kotlin.daemon.CompileServiceImplBase.access$execIncrementalCompiler(CompileServiceImpl.kt:93)
	at org.jetbrains.kotlin.daemon.CompileServiceImpl.compile(CompileServiceImpl.kt:1806)
	at java.base/jdk.internal.reflect.DirectMethodHandleAccessor.invoke(Unknown Source)
	at java.base/java.lang.reflect.Method.invoke(Unknown Source)
	at java.rmi/sun.rmi.server.UnicastServerRef.dispatch(Unknown Source)
	at java.rmi/sun.rmi.transport.Transport$1.run(Unknown Source)
	at java.rmi/sun.rmi.transport.Transport$1.run(Unknown Source)
	at java.base/java.security.AccessController.doPrivileged(Unknown Source)
	at java.rmi/sun.rmi.transport.Transport.serviceCall(Unknown Source)
	at java.rmi/sun.rmi.transport.tcp.TCPTransport.handleMessages(Unknown Source)
	at java.rmi/sun.rmi.transport.tcp.TCPTransport$ConnectionHandler.run0(Unknown Source)
	at java.rmi/sun.rmi.transport.tcp.TCPTransport$ConnectionHandler.lambda$run$0(Unknown Source)
	at java.base/java.security.AccessController.doPrivileged(Unknown Source)
	at java.rmi/sun.rmi.transport.tcp.TCPTransport$ConnectionHandler.run(Unknown Source)
	at java.base/java.util.concurrent.ThreadPoolExecutor.runWorker(Unknown Source)
	at java.base/java.util.concurrent.ThreadPoolExecutor$Worker.run(Unknown Source)
	at java.base/java.lang.Thread.run(Unknown Source)
Caused by: java.lang.RuntimeException: Exception while generating code for:
FUN INLINE_LAMBDA name:ArchitectTopBar$lambda$4 visibility:private modality:FINAL returnType:kotlin.Unit
  VALUE_PARAMETER kind:ExtensionReceiver name:$this$Row index:0 type:androidx.compose.foundation.layout.RowScope
  VALUE_PARAMETER BOUND_VALUE_PARAMETER kind:Regular name:$showBackButton index:1 type:kotlin.Boolean
  VALUE_PARAMETER BOUND_VALUE_PARAMETER kind:Regular name:$showLeadingProfileIcon index:2 type:kotlin.Boolean
  VALUE_PARAMETER BOUND_VALUE_PARAMETER kind:Regular name:$leadingIconName index:3 type:kotlin.String?
  VALUE_PARAMETER BOUND_VALUE_PARAMETER kind:Regular name:$logoPainter index:4 type:androidx.compose.ui.graphics.painter.Painter?
  VALUE_PARAMETER BOUND_VALUE_PARAMETER kind:Regular name:$title index:5 type:kotlin.String
  VALUE_PARAMETER BOUND_VALUE_PARAMETER kind:Regular name:$showSearchIcon index:6 type:kotlin.Boolean
  VALUE_PARAMETER BOUND_VALUE_PARAMETER kind:Regular name:$showNotifications index:7 type:kotlin.Boolean
  VALUE_PARAMETER BOUND_VALUE_PARAMETER kind:Regular name:$showProfileIcon index:8 type:kotlin.Boolean
  VALUE_PARAMETER BOUND_VALUE_PARAMETER kind:Regular name:$onBackClick index:9 type:kotlin.Function0<kotlin.Unit>?
  BLOCK_BODY
    VAR name:$i$a$-Row$default-BankingComponentKt$ArchitectTopBar$1 type:kotlin.Int [val]
      CONST Int type=kotlin.Int value=0
    WHEN type=kotlin.Unit origin=IF
      BRANCH
        if: GET_VAR '$showBackButton: kotlin.Boolean declared in com.kb.designsystem.components.BankingComponentKt.ArchitectTopBar$lambda$4' type=kotlin.Boolean origin=null
        then: BLOCK type=kotlin.Unit origin=null
          BLOCK type=kotlin.Unit origin=ARGUMENTS_REORDERING_FOR_CALL
            VAR IR_TEMPORARY_VARIABLE name:tmp0_imageVector type:androidx.compose.ui.graphics.vector.ImageVector [val]
              CALL 'public final fun <get-KeyboardArrowRight> (<this>: androidx.compose.material.icons.Icons.AutoMirrored.Filled): androidx.compose.ui.graphics.vector.ImageVector declared in androidx.compose.material.icons.automirrored.filled.KeyboardArrowRightKt' type=androidx.compose.ui.graphics.vector.ImageVector origin=GET_PROPERTY
                ARG <this>: GET_FIELD 'FIELD FIELD_FOR_OBJECT_INSTANCE name:INSTANCE type:androidx.compose.material.icons.Icons.AutoMirrored.Filled visibility:public [final,static] declared in androidx.compose.material.icons.Icons.AutoMirrored.Filled' type=androidx.compose.material.icons.Icons.AutoMirrored.Filled origin=null
            VAR IR_TEMPORARY_VARIABLE name:tmp1_tint type:androidx.compose.ui.graphics.Color [val]
              GET_FIELD 'FIELD PROPERTY_BACKING_FIELD name:ArchitectTextSecondary type:androidx.compose.ui.graphics.Color visibility:private [final,static]' type=androidx.compose.ui.graphics.Color origin=null
            VAR IR_TEMPORARY_VARIABLE name:tmp2_modifier type:androidx.compose.ui.Modifier [val]
              CALL 'public final fun rotate (<this>: androidx.compose.ui.Modifier, degrees: kotlin.Float): androidx.compose.ui.Modifier declared in androidx.compose.ui.draw.RotateKt' type=androidx.compose.ui.Modifier origin=null
                ARG <this>: CALL 'public final fun clickable-XHw0xAI$default ($this$clickable: androidx.compose.ui.Modifier, enabled: kotlin.Boolean, onClickLabel: kotlin.String?, role: androidx.compose.ui.semantics.Role?, onClick: kotlin.Function0<kotlin.Unit>, $mask0: kotlin.Int, $handler: kotlin.Any?): androidx.compose.ui.Modifier declared in androidx.compose.foundation.ClickableKt' type=androidx.compose.ui.Modifier origin=DEFAULT_DISPATCH_CALL
                  ARG $this$clickable: CALL 'public final fun size-3ABfNKs ($this$size: androidx.compose.ui.Modifier, size: androidx.compose.ui.unit.Dp): androidx.compose.ui.Modifier declared in androidx.compose.foundation.layout.SizeKt' type=androidx.compose.ui.Modifier origin=null
                    ARG $this$size: GET_FIELD 'FIELD FIELD_FOR_OBJECT_INSTANCE name:Companion type:androidx.compose.ui.Modifier.Companion visibility:public [final,static] declared in androidx.compose.ui.Modifier' type=androidx.compose.ui.Modifier.Companion origin=null
                    ARG size: CALL 'public final fun <get-dp> (<this>: kotlin.Int): androidx.compose.ui.unit.Dp [inline] declared in androidx.compose.ui.unit.DpKt' type=androidx.compose.ui.unit.Dp origin=GET_PROPERTY
                      ARG <this>: CONST Int type=kotlin.Int value=28
                  ARG enabled: COMPOSITE type=kotlin.Boolean origin=DEFAULT_VALUE
                    CONST Boolean type=kotlin.Boolean value=false
                  ARG onClickLabel: COMPOSITE type=kotlin.String? origin=DEFAULT_VALUE
                    CONST Null type=kotlin.String? value=null
                  ARG role: COMPOSITE type=androidx.compose.ui.semantics.Role? origin=DEFAULT_VALUE
                    CONST Null type=androidx.compose.ui.semantics.Role? value=null
                  ARG onClick: BLOCK type=kotlin.Function0<kotlin.Unit> origin=LAMBDA
                    COMPOSITE type=kotlin.Unit origin=null
                    CALL 'public final fun <jvm-indy> <T> (dynamicCall: T of kotlin.jvm.internal.<jvm-indy>, bootstrapMethodHandle: kotlin.Any, vararg bootstrapMethodArguments: kotlin.Any): T of kotlin.jvm.internal.<jvm-indy> declared in kotlin.jvm.internal' type=kotlin.Function0<kotlin.Unit> origin=null
                      TYPE_ARG T: kotlin.Function0<kotlin.Unit>
                      ARG dynamicCall: CALL 'public final fun invoke (p0: kotlin.Function0<kotlin.Unit>?): kotlin.Function0<kotlin.Unit> declared in kotlin.jvm.internal.invokeDynamic' type=kotlin.Function0<kotlin.Unit> origin=null
                        ARG p0: GET_VAR '$onBackClick: kotlin.Function0<kotlin.Unit>? declared in com.kb.designsystem.components.BankingComponentKt.ArchitectTopBar$lambda$4' type=kotlin.Function0<kotlin.Unit>? origin=null
                      ARG bootstrapMethodHandle: CALL 'public final fun <jvm-method-handle> (tag: kotlin.Int, owner: kotlin.String, name: kotlin.String, descriptor: kotlin.String, isInterface: kotlin.Boolean): kotlin.Any declared in kotlin.jvm.internal' type=kotlin.Any origin=null
                        ARG tag: CONST Int type=kotlin.Int value=6
                        ARG owner: CONST String type=kotlin.String value="java/lang/invoke/LambdaMetafactory"
                        ARG name: CONST String type=kotlin.String value="metafactory"
                        ARG descriptor: CONST String type=kotlin.String value="(Ljava/lang/invoke/MethodHandles$Lookup;Ljava/lang/String;Ljava/lang/invoke/MethodType;Ljava/lang/invoke/MethodType;Ljava/lang/invoke/MethodHandle;Ljava/lang/invoke/MethodType;)Ljava/lang/invoke/CallSite;"
                        ARG isInterface: CONST Boolean type=kotlin.Boolean value=false
                      ARG bootstrapMethodArguments: VARARG type=kotlin.Array<kotlin.Any> varargElementType=kotlin.Any
                        CALL 'public final fun <jvm-original-method-type> (method: kotlin.Any): kotlin.Any declared in kotlin.jvm.internal' type=kotlin.Any origin=null
                          ARG method: RAW_FUNCTION_REFERENCE 'public abstract fun invoke (): R of kotlin.Function0 [operator] declared in kotlin.Function0' type=kotlin.Any
                        RAW_FUNCTION_REFERENCE 'private final fun ArchitectTopBar$lambda$4$lambda$0 ($onBackClick: kotlin.Function0<kotlin.Unit>?): kotlin.Unit? declared in com.kb.designsystem.components.BankingComponentKt' type=kotlin.Any
                        CALL 'public final fun <jvm-original-method-type> (method: kotlin.Any): kotlin.Any declared in kotlin.jvm.internal' type=kotlin.Any origin=null
                          ARG method: RAW_FUNCTION_REFERENCE 'public abstract fun invoke (): kotlin.Unit? [fake_override,operator] declared in kotlin.jvm.internal.invokeDynamic.<fake>' type=kotlin.Any
                  ARG $mask0: CONST Int type=kotlin.Int value=7
                  ARG $handler: CONST Null type=kotlin.Any? value=null
                ARG degrees: CONST Float type=kotlin.Float value=180.0
            CALL 'public final fun Icon-BG621w0 (imageVector: androidx.compose.ui.graphics.vector.ImageVector, contentDescription: kotlin.String?, modifier: androidx.compose.ui.Modifier, tint: androidx.compose.ui.graphics.Color): kotlin.Unit declared in androidx.compose.material3.IconKt' type=kotlin.Unit origin=null
              ARG imageVector: GET_VAR 'val tmp0_imageVector: androidx.compose.ui.graphics.vector.ImageVector [val] declared in com.kb.designsystem.components.BankingComponentKt.ArchitectTopBar$lambda$4' type=androidx.compose.ui.graphics.vector.ImageVector origin=null
              ARG contentDescription: CONST String type=kotlin.String value="Back"
              ARG modifier: GET_VAR 'val tmp2_modifier: androidx.compose.ui.Modifier [val] declared in com.kb.designsystem.components.BankingComponentKt.ArchitectTopBar$lambda$4' type=androidx.compose.ui.Modifier origin=null
              ARG tint: GET_VAR 'val tmp1_tint: androidx.compose.ui.graphics.Color [val] declared in com.kb.designsystem.components.BankingComponentKt.ArchitectTopBar$lambda$4' type=androidx.compose.ui.graphics.Color origin=null
          CALL 'public final fun Spacer (modifier: androidx.compose.ui.Modifier): kotlin.Unit declared in androidx.compose.foundation.layout.SpacerKt' type=kotlin.Unit origin=null
            ARG modifier: CALL 'public final fun width-3ABfNKs ($this$width: androidx.compose.ui.Modifier, width: androidx.compose.ui.unit.Dp): androidx.compose.ui.Modifier declared in androidx.compose.foundation.layout.SizeKt' type=androidx.compose.ui.Modifier origin=null
              ARG $this$width: GET_FIELD 'FIELD FIELD_FOR_OBJECT_INSTANCE name:Companion type:androidx.compose.ui.Modifier.Companion visibility:public [final,static] declared in androidx.compose.ui.Modifier' type=androidx.compose.ui.Modifier.Companion origin=null
              ARG width: CALL 'public final fun <get-dp> (<this>: kotlin.Int): androidx.compose.ui.unit.Dp [inline] declared in androidx.compose.ui.unit.DpKt' type=androidx.compose.ui.unit.Dp origin=GET_PROPERTY
                ARG <this>: CONST Int type=kotlin.Int value=12
      BRANCH
        if: GET_VAR '$showLeadingProfileIcon: kotlin.Boolean declared in com.kb.designsystem.components.BankingComponentKt.ArchitectTopBar$lambda$4' type=kotlin.Boolean origin=null
        then: BLOCK type=kotlin.Unit origin=null
          CALL 'public final fun Box$default (modifier: androidx.compose.ui.Modifier?, contentAlignment: androidx.compose.ui.Alignment?, propagateMinConstraints: kotlin.Boolean, content: @[Composable] @[ExtensionFunctionType] kotlin.Function1<androidx.compose.foundation.layout.BoxScope, kotlin.Unit>, $mask0: kotlin.Int, $handler: kotlin.Any?): kotlin.Unit [inline] declared in androidx.compose.foundation.layout.BoxKt' type=kotlin.Unit origin=DEFAULT_DISPATCH_CALL
            ARG modifier: CALL 'public final fun background-bw27NRU$default ($this$background: androidx.compose.ui.Modifier, color: androidx.compose.ui.graphics.Color, shape: androidx.compose.ui.graphics.Shape?, $mask0: kotlin.Int, $handler: kotlin.Any?): androidx.compose.ui.Modifier declared in androidx.compose.foundation.BackgroundKt' type=androidx.compose.ui.Modifier origin=DEFAULT_DISPATCH_CALL
              ARG $this$background: CALL 'public final fun clip (<this>: androidx.compose.ui.Modifier, shape: androidx.compose.ui.graphics.Shape): androidx.compose.ui.Modifier declared in androidx.compose.ui.draw.ClipKt' type=androidx.compose.ui.Modifier origin=null
                ARG <this>: CALL 'public final fun size-3ABfNKs ($this$size: androidx.compose.ui.Modifier, size: androidx.compose.ui.unit.Dp): androidx.compose.ui.Modifier declared in androidx.compose.foundation.layout.SizeKt' type=androidx.compose.ui.Modifier origin=null
                  ARG $this$size: GET_FIELD 'FIELD FIELD_FOR_OBJECT_INSTANCE name:Companion type:androidx.compose.ui.Modifier.Companion visibility:public [final,static] declared in androidx.compose.ui.Modifier' type=androidx.compose.ui.Modifier.Companion origin=null
                  ARG size: CALL 'public final fun <get-dp> (<this>: kotlin.Int): androidx.compose.ui.unit.Dp [inline] declared in androidx.compose.ui.unit.DpKt' type=androidx.compose.ui.unit.Dp origin=GET_PROPERTY
                    ARG <this>: CONST Int type=kotlin.Int value=32
                ARG shape: CALL 'public final fun RoundedCornerShape-0680j_4 (size: androidx.compose.ui.unit.Dp): androidx.compose.foundation.shape.RoundedCornerShape declared in androidx.compose.foundation.shape.RoundedCornerShapeKt' type=androidx.compose.foundation.shape.RoundedCornerShape origin=null
                  ARG size: CALL 'public final fun <get-dp> (<this>: kotlin.Int): androidx.compose.ui.unit.Dp [inline] declared in androidx.compose.ui.unit.DpKt' type=androidx.compose.ui.unit.Dp origin=GET_PROPERTY
                    ARG <this>: CONST Int type=kotlin.Int value=8
              ARG color: CALL 'public final fun Color (color: kotlin.Long): androidx.compose.ui.graphics.Color declared in androidx.compose.ui.graphics.ColorKt' type=androidx.compose.ui.graphics.Color origin=null
                ARG color: CONST Long type=kotlin.Long value=4293113801
              ARG shape: COMPOSITE type=androidx.compose.ui.graphics.Shape? origin=DEFAULT_VALUE
                CONST Null type=androidx.compose.ui.graphics.Shape? value=null
              ARG $mask0: CONST Int type=kotlin.Int value=2
              ARG $handler: CONST Null type=kotlin.Any? value=null
            ARG contentAlignment: CALL 'public final fun <get-Center> (): androidx.compose.ui.Alignment declared in androidx.compose.ui.Alignment.Companion' type=androidx.compose.ui.Alignment origin=GET_PROPERTY
              ARG <this>: GET_FIELD 'FIELD FIELD_FOR_OBJECT_INSTANCE name:Companion type:androidx.compose.ui.Alignment.Companion visibility:public [final,static] declared in androidx.compose.ui.Alignment' type=androidx.compose.ui.Alignment.Companion origin=null
            ARG propagateMinConstraints: COMPOSITE type=kotlin.Boolean origin=DEFAULT_VALUE
              CONST Boolean type=kotlin.Boolean value=false
            ARG content: BLOCK type=@[ExtensionFunctionType] kotlin.Function1<androidx.compose.foundation.layout.BoxScope, kotlin.Unit> origin=LAMBDA
              COMPOSITE type=kotlin.Unit origin=null
              FUNCTION_REFERENCE 'private final fun ArchitectTopBar$lambda$4$lambda$1 ($this$Box: androidx.compose.foundation.layout.BoxScope): kotlin.Unit declared in com.kb.designsystem.components.BankingComponentKt' type=@[ExtensionFunctionType] kotlin.Function1<androidx.compose.foundation.layout.BoxScope, kotlin.Unit> origin=INLINE_LAMBDA reflectionTarget=null
            ARG $mask0: CONST Int type=kotlin.Int value=4
            ARG $handler: CONST Null type=kotlin.Any? value=null
          CALL 'public final fun Spacer (modifier: androidx.compose.ui.Modifier): kotlin.Unit declared in androidx.compose.foundation.layout.SpacerKt' type=kotlin.Unit origin=null
            ARG modifier: CALL 'public final fun width-3ABfNKs ($this$width: androidx.compose.ui.Modifier, width: androidx.compose.ui.unit.Dp): androidx.compose.ui.Modifier declared in androidx.compose.foundation.layout.SizeKt' type=androidx.compose.ui.Modifier origin=null
              ARG $this$width: GET_FIELD 'FIELD FIELD_FOR_OBJECT_INSTANCE name:Companion type:androidx.compose.ui.Modifier.Companion visibility:public [final,static] declared in androidx.compose.ui.Modifier' type=androidx.compose.ui.Modifier.Companion origin=null
              ARG width: CALL 'public final fun <get-dp> (<this>: kotlin.Int): androidx.compose.ui.unit.Dp [inline] declared in androidx.compose.ui.unit.DpKt' type=androidx.compose.ui.unit.Dp origin=GET_PROPERTY
                ARG <this>: CONST Int type=kotlin.Int value=12
      BRANCH
        if: CALL 'public final fun not (): kotlin.Boolean [operator] declared in kotlin.Boolean' type=kotlin.Boolean origin=EXCLEQ
          ARG <this>: CALL 'public final fun EQEQ (arg0: kotlin.Any?, arg1: kotlin.Any?): kotlin.Boolean declared in kotlin.internal.ir' type=kotlin.Boolean origin=EXCLEQ
            ARG arg0: GET_VAR '$leadingIconName: kotlin.String? declared in com.kb.designsystem.components.BankingComponentKt.ArchitectTopBar$lambda$4' type=kotlin.String? origin=null
            ARG arg1: CONST Null type=kotlin.Nothing? value=null
        then: BLOCK type=kotlin.Unit origin=null
          CALL 'public final fun Box$default (modifier: androidx.compose.ui.Modifier?, contentAlignment: androidx.compose.ui.Alignment?, propagateMinConstraints: kotlin.Boolean, content: @[Composable] @[ExtensionFunctionType] kotlin.Function1<androidx.compose.foundation.layout.BoxScope, kotlin.Unit>, $mask0: kotlin.Int, $handler: kotlin.Any?): kotlin.Unit [inline] declared in androidx.compose.foundation.layout.BoxKt' type=kotlin.Unit origin=DEFAULT_DISPATCH_CALL
            ARG modifier: CALL 'public final fun background-bw27NRU$default ($this$background: androidx.compose.ui.Modifier, color: androidx.compose.ui.graphics.Color, shape: androidx.compose.ui.graphics.Shape?, $mask0: kotlin.Int, $handler: kotlin.Any?): androidx.compose.ui.Modifier declared in androidx.compose.foundation.BackgroundKt' type=androidx.compose.ui.Modifier origin=DEFAULT_DISPATCH_CALL
              ARG $this$background: CALL 'public final fun clip (<this>: androidx.compose.ui.Modifier, shape: androidx.compose.ui.graphics.Shape): androidx.compose.ui.Modifier declared in androidx.compose.ui.draw.ClipKt' type=androidx.compose.ui.Modifier origin=null
                ARG <this>: CALL 'public final fun size-3ABfNKs ($this$size: androidx.compose.ui.Modifier, size: androidx.compose.ui.unit.Dp): androidx.compose.ui.Modifier declared in androidx.compose.foundation.layout.SizeKt' type=androidx.compose.ui.Modifier origin=null
                  ARG $this$size: GET_FIELD 'FIELD FIELD_FOR_OBJECT_INSTANCE name:Companion type:androidx.compose.ui.Modifier.Companion visibility:public [final,static] declared in androidx.compose.ui.Modifier' type=androidx.compose.ui.Modifier.Companion origin=null
                  ARG size: CALL 'public final fun <get-dp> (<this>: kotlin.Int): androidx.compose.ui.unit.Dp [inline] declared in androidx.compose.ui.unit.DpKt' type=androidx.compose.ui.unit.Dp origin=GET_PROPERTY
                    ARG <this>: CONST Int type=kotlin.Int value=36
                ARG shape: CALL 'public final fun RoundedCornerShape-0680j_4 (size: androidx.compose.ui.unit.Dp): androidx.compose.foundation.shape.RoundedCornerShape declared in androidx.compose.foundation.shape.RoundedCornerShapeKt' type=androidx.compose.foundation.shape.RoundedCornerShape origin=null
                  ARG size: CALL 'public final fun <get-dp> (<this>: kotlin.Int): androidx.compose.ui.unit.Dp [inline] declared in androidx.compose.ui.unit.DpKt' type=androidx.compose.ui.unit.Dp origin=GET_PROPERTY
                    ARG <this>: CONST Int type=kotlin.Int value=10
              ARG color: GET_FIELD 'FIELD PROPERTY_BACKING_FIELD name:ArchitectPrimary type:androidx.compose.ui.graphics.Color visibility:private [final,static]' type=androidx.compose.ui.graphics.Color origin=null
              ARG shape: COMPOSITE type=androidx.compose.ui.graphics.Shape? origin=DEFAULT_VALUE
                CONST Null type=androidx.compose.ui.graphics.Shape? value=null
              ARG $mask0: CONST Int type=kotlin.Int value=2
              ARG $handler: CONST Null type=kotlin.Any? value=null
            ARG contentAlignment: CALL 'public final fun <get-Center> (): androidx.compose.ui.Alignment declared in androidx.compose.ui.Alignment.Companion' type=androidx.compose.ui.Alignment origin=GET_PROPERTY
              ARG <this>: GET_FIELD 'FIELD FIELD_FOR_OBJECT_INSTANCE name:Companion type:androidx.compose.ui.Alignment.Companion visibility:public [final,static] declared in androidx.compose.ui.Alignment' type=androidx.compose.ui.Alignment.Companion origin=null
            ARG propagateMinConstraints: COMPOSITE type=kotlin.Boolean origin=DEFAULT_VALUE
              CONST Boolean type=kotlin.Boolean value=false
            ARG content: BLOCK type=@[ExtensionFunctionType] kotlin.Function1<androidx.compose.foundation.layout.BoxScope, kotlin.Unit> origin=LAMBDA
              COMPOSITE type=kotlin.Unit origin=null
              FUNCTION_REFERENCE 'private final fun ArchitectTopBar$lambda$4$lambda$2 ($this$Box: androidx.compose.foundation.layout.BoxScope, $leadingIconName: kotlin.String?, $title: kotlin.String): kotlin.Unit declared in com.kb.designsystem.components.BankingComponentKt' type=@[ExtensionFunctionType] kotlin.Function1<androidx.compose.foundation.layout.BoxScope, kotlin.Unit> origin=INLINE_LAMBDA reflectionTarget=null
                ARG $leadingIconName: GET_VAR '$leadingIconName: kotlin.String? declared in com.kb.designsystem.components.BankingComponentKt.ArchitectTopBar$lambda$4' type=kotlin.String? origin=null
                ARG $title: GET_VAR '$title: kotlin.String declared in com.kb.designsystem.components.BankingComponentKt.ArchitectTopBar$lambda$4' type=kotlin.String origin=null
            ARG $mask0: CONST Int type=kotlin.Int value=4
            ARG $handler: CONST Null type=kotlin.Any? value=null
          CALL 'public final fun Spacer (modifier: androidx.compose.ui.Modifier): kotlin.Unit declared in androidx.compose.foundation.layout.SpacerKt' type=kotlin.Unit origin=null
            ARG modifier: CALL 'public final fun width-3ABfNKs ($this$width: androidx.compose.ui.Modifier, width: androidx.compose.ui.unit.Dp): androidx.compose.ui.Modifier declared in androidx.compose.foundation.layout.SizeKt' type=androidx.compose.ui.Modifier origin=null
              ARG $this$width: GET_FIELD 'FIELD FIELD_FOR_OBJECT_INSTANCE name:Companion type:androidx.compose.ui.Modifier.Companion visibility:public [final,static] declared in androidx.compose.ui.Modifier' type=androidx.compose.ui.Modifier.Companion origin=null
              ARG width: CALL 'public final fun <get-dp> (<this>: kotlin.Int): androidx.compose.ui.unit.Dp [inline] declared in androidx.compose.ui.unit.DpKt' type=androidx.compose.ui.unit.Dp origin=GET_PROPERTY
                ARG <this>: CONST Int type=kotlin.Int value=12
      BRANCH
        if: CALL 'public final fun not (): kotlin.Boolean [operator] declared in kotlin.Boolean' type=kotlin.Boolean origin=EXCLEQ
          ARG <this>: CALL 'public final fun EQEQ (arg0: kotlin.Any?, arg1: kotlin.Any?): kotlin.Boolean declared in kotlin.internal.ir' type=kotlin.Boolean origin=EXCLEQ
            ARG arg0: GET_VAR '$logoPainter: androidx.compose.ui.graphics.painter.Painter? declared in com.kb.designsystem.components.BankingComponentKt.ArchitectTopBar$lambda$4' type=androidx.compose.ui.graphics.painter.Painter? origin=null
            ARG arg1: CONST Null type=kotlin.Nothing? value=null
        then: BLOCK type=kotlin.Unit origin=null
          CALL 'public final fun Image$default (painter: androidx.compose.ui.graphics.painter.Painter, contentDescription: kotlin.String?, modifier: androidx.compose.ui.Modifier?, alignment: androidx.compose.ui.Alignment?, contentScale: androidx.compose.ui.layout.ContentScale?, alpha: kotlin.Float, colorFilter: androidx.compose.ui.graphics.ColorFilter?, $mask0: kotlin.Int, $handler: kotlin.Any?): kotlin.Unit declared in androidx.compose.foundation.ImageKt' type=kotlin.Unit origin=DEFAULT_DISPATCH_CALL
            ARG painter: GET_VAR '$logoPainter: androidx.compose.ui.graphics.painter.Painter? declared in com.kb.designsystem.components.BankingComponentKt.ArchitectTopBar$lambda$4' type=androidx.compose.ui.graphics.painter.Painter? origin=null
            ARG contentDescription: CONST String type=kotlin.String value="Logo"
            ARG modifier: CALL 'public final fun clip (<this>: androidx.compose.ui.Modifier, shape: androidx.compose.ui.graphics.Shape): androidx.compose.ui.Modifier declared in androidx.compose.ui.draw.ClipKt' type=androidx.compose.ui.Modifier origin=null
              ARG <this>: CALL 'public final fun size-3ABfNKs ($this$size: androidx.compose.ui.Modifier, size: androidx.compose.ui.unit.Dp): androidx.compose.ui.Modifier declared in androidx.compose.foundation.layout.SizeKt' type=androidx.compose.ui.Modifier origin=null
                ARG $this$size: GET_FIELD 'FIELD FIELD_FOR_OBJECT_INSTANCE name:Companion type:androidx.compose.ui.Modifier.Companion visibility:public [final,static] declared in androidx.compose.ui.Modifier' type=androidx.compose.ui.Modifier.Companion origin=null
                ARG size: CALL 'public final fun <get-dp> (<this>: kotlin.Int): androidx.compose.ui.unit.Dp [inline] declared in androidx.compose.ui.unit.DpKt' type=androidx.compose.ui.unit.Dp origin=GET_PROPERTY
                  ARG <this>: CONST Int type=kotlin.Int value=28
              ARG shape: CALL 'public final fun RoundedCornerShape-0680j_4 (size: androidx.compose.ui.unit.Dp): androidx.compose.foundation.shape.RoundedCornerShape declared in androidx.compose.foundation.shape.RoundedCornerShapeKt' type=androidx.compose.foundation.shape.RoundedCornerShape origin=null
                ARG size: CALL 'public final fun <get-dp> (<this>: kotlin.Int): androidx.compose.ui.unit.Dp [inline] declared in androidx.compose.ui.unit.DpKt' type=androidx.compose.ui.unit.Dp origin=GET_PROPERTY
                  ARG <this>: CONST Int type=kotlin.Int value=8
            ARG alignment: COMPOSITE type=androidx.compose.ui.Alignment? origin=DEFAULT_VALUE
              CONST Null type=androidx.compose.ui.Alignment? value=null
            ARG contentScale: COMPOSITE type=androidx.compose.ui.layout.ContentScale? origin=DEFAULT_VALUE
              CONST Null type=androidx.compose.ui.layout.ContentScale? value=null
            ARG alpha: COMPOSITE type=kotlin.Float origin=DEFAULT_VALUE
              CONST Float type=kotlin.Float value=0.0
            ARG colorFilter: COMPOSITE type=androidx.compose.ui.graphics.ColorFilter? origin=DEFAULT_VALUE
              CONST Null type=androidx.compose.ui.graphics.ColorFilter? value=null
            ARG $mask0: CONST Int type=kotlin.Int value=120
            ARG $handler: CONST Null type=kotlin.Any? value=null
          CALL 'public final fun Spacer (modifier: androidx.compose.ui.Modifier): kotlin.Unit declared in androidx.compose.foundation.layout.SpacerKt' type=kotlin.Unit origin=null
            ARG modifier: CALL 'public final fun width-3ABfNKs ($this$width: androidx.compose.ui.Modifier, width: androidx.compose.ui.unit.Dp): androidx.compose.ui.Modifier declared in androidx.compose.foundation.layout.SizeKt' type=androidx.compose.ui.Modifier origin=null
              ARG $this$width: GET_FIELD 'FIELD FIELD_FOR_OBJECT_INSTANCE name:Companion type:androidx.compose.ui.Modifier.Companion visibility:public [final,static] declared in androidx.compose.ui.Modifier' type=androidx.compose.ui.Modifier.Companion origin=null
              ARG width: CALL 'public final fun <get-dp> (<this>: kotlin.Int): androidx.compose.ui.unit.Dp [inline] declared in androidx.compose.ui.unit.DpKt' type=androidx.compose.ui.unit.Dp origin=GET_PROPERTY
                ARG <this>: CONST Int type=kotlin.Int value=12
      BRANCH
        if: CONST Boolean type=kotlin.Boolean value=true
        then: BLOCK type=kotlin.Unit origin=null
          CALL 'public final fun Box (modifier: androidx.compose.ui.Modifier): kotlin.Unit declared in androidx.compose.foundation.layout.BoxKt' type=kotlin.Unit origin=null
            ARG modifier: CALL 'public final fun background-bw27NRU$default ($this$background: androidx.compose.ui.Modifier, color: androidx.compose.ui.graphics.Color, shape: androidx.compose.ui.graphics.Shape?, $mask0: kotlin.Int, $handler: kotlin.Any?): androidx.compose.ui.Modifier declared in androidx.compose.foundation.BackgroundKt' type=androidx.compose.ui.Modifier origin=DEFAULT_DISPATCH_CALL
              ARG $this$background: CALL 'public final fun clip (<this>: androidx.compose.ui.Modifier, shape: androidx.compose.ui.graphics.Shape): androidx.compose.ui.Modifier declared in androidx.compose.ui.draw.ClipKt' type=androidx.compose.ui.Modifier origin=null
                ARG <this>: CALL 'public final fun size-3ABfNKs ($this$size: androidx.compose.ui.Modifier, size: androidx.compose.ui.unit.Dp): androidx.compose.ui.Modifier declared in androidx.compose.foundation.layout.SizeKt' type=androidx.compose.ui.Modifier origin=null
                  ARG $this$size: GET_FIELD 'FIELD FIELD_FOR_OBJECT_INSTANCE name:Companion type:androidx.compose.ui.Modifier.Companion visibility:public [final,static] declared in androidx.compose.ui.Modifier' type=androidx.compose.ui.Modifier.Companion origin=null
                  ARG size: CALL 'public final fun <get-dp> (<this>: kotlin.Int): androidx.compose.ui.unit.Dp [inline] declared in androidx.compose.ui.unit.DpKt' type=androidx.compose.ui.unit.Dp origin=GET_PROPERTY
                    ARG <this>: CONST Int type=kotlin.Int value=28
                ARG shape: CALL 'public final fun RoundedCornerShape-0680j_4 (size: androidx.compose.ui.unit.Dp): androidx.compose.foundation.shape.RoundedCornerShape declared in androidx.compose.foundation.shape.RoundedCornerShapeKt' type=androidx.compose.foundation.shape.RoundedCornerShape origin=null
                  ARG size: CALL 'public final fun <get-dp> (<this>: kotlin.Int): androidx.compose.ui.unit.Dp [inline] declared in androidx.compose.ui.unit.DpKt' type=androidx.compose.ui.unit.Dp origin=GET_PROPERTY
                    ARG <this>: CONST Int type=kotlin.Int value=8
              ARG color: CALL 'public final fun Color (color: kotlin.Long): androidx.compose.ui.graphics.Color declared in androidx.compose.ui.graphics.ColorKt' type=androidx.compose.ui.graphics.Color origin=null
                ARG color: CONST Long type=kotlin.Long value=4293126125
              ARG shape: COMPOSITE type=androidx.compose.ui.graphics.Shape? origin=DEFAULT_VALUE
                CONST Null type=androidx.compose.ui.graphics.Shape? value=null
              ARG $mask0: CONST Int type=kotlin.Int value=2
              ARG $handler: CONST Null type=kotlin.Any? value=null
          CALL 'public final fun Spacer (modifier: androidx.compose.ui.Modifier): kotlin.Unit declared in androidx.compose.foundation.layout.SpacerKt' type=kotlin.Unit origin=null
            ARG modifier: CALL 'public final fun width-3ABfNKs ($this$width: androidx.compose.ui.Modifier, width: androidx.compose.ui.unit.Dp): androidx.compose.ui.Modifier declared in androidx.compose.foundation.layout.SizeKt' type=androidx.compose.ui.Modifier origin=null
              ARG $this$width: GET_FIELD 'FIELD FIELD_FOR_OBJECT_INSTANCE name:Companion type:androidx.compose.ui.Modifier.Companion visibility:public [final,static] declared in androidx.compose.ui.Modifier' type=androidx.compose.ui.Modifier.Companion origin=null
              ARG width: CALL 'public final fun <get-dp> (<this>: kotlin.Int): androidx.compose.ui.unit.Dp [inline] declared in androidx.compose.ui.unit.DpKt' type=androidx.compose.ui.unit.Dp origin=GET_PROPERTY
                ARG <this>: CONST Int type=kotlin.Int value=12
    BLOCK type=kotlin.Unit origin=ARGUMENTS_REORDERING_FOR_CALL
      VAR IR_TEMPORARY_VARIABLE name:tmp3_style type:androidx.compose.ui.text.TextStyle [val]
        CALL 'public final fun <get-titleLarge> (): androidx.compose.ui.text.TextStyle declared in androidx.compose.material3.Typography' type=androidx.compose.ui.text.TextStyle origin=GET_PROPERTY
          ARG <this>: CALL 'public final fun <get-typography> (): androidx.compose.material3.Typography declared in androidx.compose.material3.MaterialTheme' type=androidx.compose.material3.Typography origin=GET_PROPERTY
            ARG <this>: GET_FIELD 'FIELD FIELD_FOR_OBJECT_INSTANCE name:INSTANCE type:androidx.compose.material3.MaterialTheme visibility:public [final,static] declared in androidx.compose.material3.MaterialTheme' type=androidx.compose.material3.MaterialTheme origin=null
      VAR IR_TEMPORARY_VARIABLE name:tmp4_fontWeight type:androidx.compose.ui.text.font.FontWeight [val]
        CALL 'public final fun <get-Bold> (): androidx.compose.ui.text.font.FontWeight declared in androidx.compose.ui.text.font.FontWeight.Companion' type=androidx.compose.ui.text.font.FontWeight origin=GET_PROPERTY
          ARG <this>: GET_FIELD 'FIELD FIELD_FOR_OBJECT_INSTANCE name:Companion type:androidx.compose.ui.text.font.FontWeight.Companion visibility:public [final,static] declared in androidx.compose.ui.text.font.FontWeight' type=androidx.compose.ui.text.font.FontWeight.Companion origin=null
      VAR IR_TEMPORARY_VARIABLE name:tmp5_color type:androidx.compose.ui.graphics.Color [val]
        GET_FIELD 'FIELD PROPERTY_BACKING_FIELD name:ArchitectPrimary type:androidx.compose.ui.graphics.Color visibility:private [final,static]' type=androidx.compose.ui.graphics.Color origin=null
      VAR IR_TEMPORARY_VARIABLE name:tmp6_modifier type:androidx.compose.ui.Modifier [val]
        CALL 'public final fun weight$default ($this: androidx.compose.foundation.layout.RowScope, $receiver: androidx.compose.ui.Modifier, weight: kotlin.Float, fill: kotlin.Boolean, $mask0: kotlin.Int, $handler: kotlin.Any?): androidx.compose.ui.Modifier declared in androidx.compose.foundation.layout.RowScope' type=androidx.compose.ui.Modifier origin=DEFAULT_DISPATCH_CALL
          ARG $this: GET_VAR '$this$Row: androidx.compose.foundation.layout.RowScope declared in com.kb.designsystem.components.BankingComponentKt.ArchitectTopBar$lambda$4' type=androidx.compose.foundation.layout.RowScope origin=null
          ARG $receiver: GET_FIELD 'FIELD FIELD_FOR_OBJECT_INSTANCE name:Companion type:androidx.compose.ui.Modifier.Companion visibility:public [final,static] declared in androidx.compose.ui.Modifier' type=androidx.compose.ui.Modifier.Companion origin=null
          ARG weight: CONST Float type=kotlin.Float value=1.0
          ARG fill: COMPOSITE type=kotlin.Boolean origin=DEFAULT_VALUE
            CONST Boolean type=kotlin.Boolean value=false
          ARG $mask0: CONST Int type=kotlin.Int value=2
          ARG $handler: CONST Null type=kotlin.Any? value=null
      CALL 'public final fun Text-80ic1_w$default (text: kotlin.String, modifier: androidx.compose.ui.Modifier?, color: androidx.compose.ui.graphics.Color, fontSize: androidx.compose.ui.unit.TextUnit, fontStyle: androidx.compose.ui.text.font.FontStyle?, fontWeight: androidx.compose.ui.text.font.FontWeight?, fontFamily: androidx.compose.ui.text.font.FontFamily?, letterSpacing: androidx.compose.ui.unit.TextUnit, textDecoration: androidx.compose.ui.text.style.TextDecoration?, textAlign: androidx.compose.ui.text.style.TextAlign?, lineHeight: androidx.compose.ui.unit.TextUnit, overflow: androidx.compose.ui.text.style.TextOverflow, softWrap: kotlin.Boolean, maxLines: kotlin.Int, minLines: kotlin.Int, onTextLayout: kotlin.Function1<androidx.compose.ui.text.TextLayoutResult, kotlin.Unit>?, style: androidx.compose.ui.text.TextStyle?, $mask0: kotlin.Int, $handler: kotlin.Any?): kotlin.Unit declared in androidx.compose.material3.TextKt' type=kotlin.Unit origin=DEFAULT_DISPATCH_CALL
        ARG text: GET_VAR '$title: kotlin.String declared in com.kb.designsystem.components.BankingComponentKt.ArchitectTopBar$lambda$4' type=kotlin.String origin=null
        ARG modifier: GET_VAR 'val tmp6_modifier: androidx.compose.ui.Modifier [val] declared in com.kb.designsystem.components.BankingComponentKt.ArchitectTopBar$lambda$4' type=androidx.compose.ui.Modifier origin=null
        ARG color: GET_VAR 'val tmp5_color: androidx.compose.ui.graphics.Color [val] declared in com.kb.designsystem.components.BankingComponentKt.ArchitectTopBar$lambda$4' type=androidx.compose.ui.graphics.Color origin=null
        ARG fontSize: COMPOSITE type=androidx.compose.ui.unit.TextUnit origin=DEFAULT_VALUE
          CALL 'public final fun <unsafe-coerce> <T, R> (v: T of kotlin.jvm.internal.<unsafe-coerce>): R of kotlin.jvm.internal.<unsafe-coerce> declared in kotlin.jvm.internal' type=androidx.compose.ui.unit.TextUnit origin=null
            TYPE_ARG T: kotlin.Long
            TYPE_ARG R: androidx.compose.ui.unit.TextUnit
            ARG v: CONST Long type=kotlin.Long value=0
        ARG fontStyle: COMPOSITE type=androidx.compose.ui.text.font.FontStyle? origin=DEFAULT_VALUE
          CONST Null type=androidx.compose.ui.text.font.FontStyle? value=null
        ARG fontWeight: GET_VAR 'val tmp4_fontWeight: androidx.compose.ui.text.font.FontWeight [val] declared in com.kb.designsystem.components.BankingComponentKt.ArchitectTopBar$lambda$4' type=androidx.compose.ui.text.font.FontWeight origin=null
        ARG fontFamily: COMPOSITE type=androidx.compose.ui.text.font.FontFamily? origin=DEFAULT_VALUE
          CONST Null type=androidx.compose.ui.text.font.FontFamily? value=null
        ARG letterSpacing: COMPOSITE type=androidx.compose.ui.unit.TextUnit origin=DEFAULT_VALUE
          CALL 'public final fun <unsafe-coerce> <T, R> (v: T of kotlin.jvm.internal.<unsafe-coerce>): R of kotlin.jvm.internal.<unsafe-coerce> declared in kotlin.jvm.internal' type=androidx.compose.ui.unit.TextUnit origin=null
            TYPE_ARG T: kotlin.Long
            TYPE_ARG R: androidx.compose.ui.unit.TextUnit
            ARG v: CONST Long type=kotlin.Long value=0
        ARG textDecoration: COMPOSITE type=androidx.compose.ui.text.style.TextDecoration? origin=DEFAULT_VALUE
          CONST Null type=androidx.compose.ui.text.style.TextDecoration? value=null
        ARG textAlign: COMPOSITE type=androidx.compose.ui.text.style.TextAlign? origin=DEFAULT_VALUE
          CONST Null type=androidx.compose.ui.text.style.TextAlign? value=null
        ARG lineHeight: COMPOSITE type=androidx.compose.ui.unit.TextUnit origin=DEFAULT_VALUE
          CALL 'public final fun <unsafe-coerce> <T, R> (v: T of kotlin.jvm.internal.<unsafe-coerce>): R of kotlin.jvm.internal.<unsafe-coerce> declared in kotlin.jvm.internal' type=androidx.compose.ui.unit.TextUnit origin=null
            TYPE_ARG T: kotlin.Long
            TYPE_ARG R: androidx.compose.ui.unit.TextUnit
            ARG v: CONST Long type=kotlin.Long value=0
        ARG overflow: COMPOSITE type=androidx.compose.ui.text.style.TextOverflow origin=DEFAULT_VALUE
          CALL 'public final fun <unsafe-coerce> <T, R> (v: T of kotlin.jvm.internal.<unsafe-coerce>): R of kotlin.jvm.internal.<unsafe-coerce> declared in kotlin.jvm.internal' type=androidx.compose.ui.text.style.TextOverflow origin=null
            TYPE_ARG T: kotlin.Int
            TYPE_ARG R: androidx.compose.ui.text.style.TextOverflow
            ARG v: CONST Int type=kotlin.Int value=0
        ARG softWrap: COMPOSITE type=kotlin.Boolean origin=DEFAULT_VALUE
          CONST Boolean type=kotlin.Boolean value=false
        ARG maxLines: COMPOSITE type=kotlin.Int origin=DEFAULT_VALUE
          CONST Int type=kotlin.Int value=0
        ARG minLines: COMPOSITE type=kotlin.Int origin=DEFAULT_VALUE
          CONST Int type=kotlin.Int value=0
        ARG onTextLayout: COMPOSITE type=kotlin.Function1<androidx.compose.ui.text.TextLayoutResult, kotlin.Unit>? origin=DEFAULT_VALUE
          CONST Null type=kotlin.Function1<androidx.compose.ui.text.TextLayoutResult, kotlin.Unit>? value=null
        ARG style: GET_VAR 'val tmp3_style: androidx.compose.ui.text.TextStyle [val] declared in com.kb.designsystem.components.BankingComponentKt.ArchitectTopBar$lambda$4' type=androidx.compose.ui.text.TextStyle origin=null
        ARG $mask0: CONST Int type=kotlin.Int value=65496
        ARG $handler: CONST Null type=kotlin.Any? value=null
    WHEN type=kotlin.Unit origin=IF
      BRANCH
        if: GET_VAR '$showSearchIcon: kotlin.Boolean declared in com.kb.designsystem.components.BankingComponentKt.ArchitectTopBar$lambda$4' type=kotlin.Boolean origin=null
        then: BLOCK type=kotlin.Unit origin=null
          BLOCK type=kotlin.Unit origin=ARGUMENTS_REORDERING_FOR_CALL
            VAR IR_TEMPORARY_VARIABLE name:tmp7_imageVector type:androidx.compose.ui.graphics.vector.ImageVector [val]
              CALL 'public final fun <get-Search> (<this>: androidx.compose.material.icons.Icons.Filled): androidx.compose.ui.graphics.vector.ImageVector declared in androidx.compose.material.icons.filled.SearchKt' type=androidx.compose.ui.graphics.vector.ImageVector origin=GET_PROPERTY
                ARG <this>: CALL 'public final fun <get-Default> (): androidx.compose.material.icons.Icons.Filled declared in androidx.compose.material.icons.Icons' type=androidx.compose.material.icons.Icons.Filled origin=GET_PROPERTY
                  ARG <this>: GET_FIELD 'FIELD FIELD_FOR_OBJECT_INSTANCE name:INSTANCE type:androidx.compose.material.icons.Icons visibility:public [final,static] declared in androidx.compose.material.icons.Icons' type=androidx.compose.material.icons.Icons origin=null
            VAR IR_TEMPORARY_VARIABLE name:tmp8_tint type:androidx.compose.ui.graphics.Color [val]
              GET_FIELD 'FIELD PROPERTY_BACKING_FIELD name:ArchitectTextSecondary type:androidx.compose.ui.graphics.Color visibility:private [final,static]' type=androidx.compose.ui.graphics.Color origin=null
            VAR IR_TEMPORARY_VARIABLE name:tmp9_modifier type:androidx.compose.ui.Modifier [val]
              CALL 'public final fun size-3ABfNKs ($this$size: androidx.compose.ui.Modifier, size: androidx.compose.ui.unit.Dp): androidx.compose.ui.Modifier declared in androidx.compose.foundation.layout.SizeKt' type=androidx.compose.ui.Modifier origin=null
                ARG $this$size: GET_FIELD 'FIELD FIELD_FOR_OBJECT_INSTANCE name:Companion type:androidx.compose.ui.Modifier.Companion visibility:public [final,static] declared in androidx.compose.ui.Modifier' type=androidx.compose.ui.Modifier.Companion origin=null
                ARG size: CALL 'public final fun <get-dp> (<this>: kotlin.Int): androidx.compose.ui.unit.Dp [inline] declared in androidx.compose.ui.unit.DpKt' type=androidx.compose.ui.unit.Dp origin=GET_PROPERTY
                  ARG <this>: CONST Int type=kotlin.Int value=24
            CALL 'public final fun Icon-BG621w0 (imageVector: androidx.compose.ui.graphics.vector.ImageVector, contentDescription: kotlin.String?, modifier: androidx.compose.ui.Modifier, tint: androidx.compose.ui.graphics.Color): kotlin.Unit declared in androidx.compose.material3.IconKt' type=kotlin.Unit origin=null
              ARG imageVector: GET_VAR 'val tmp7_imageVector: androidx.compose.ui.graphics.vector.ImageVector [val] declared in com.kb.designsystem.components.BankingComponentKt.ArchitectTopBar$lambda$4' type=androidx.compose.ui.graphics.vector.ImageVector origin=null
              ARG contentDescription: CONST String type=kotlin.String value="Search"
              ARG modifier: GET_VAR 'val tmp9_modifier: androidx.compose.ui.Modifier [val] declared in com.kb.designsystem.components.BankingComponentKt.ArchitectTopBar$lambda$4' type=androidx.compose.ui.Modifier origin=null
              ARG tint: GET_VAR 'val tmp8_tint: androidx.compose.ui.graphics.Color [val] declared in com.kb.designsystem.components.BankingComponentKt.ArchitectTopBar$lambda$4' type=androidx.compose.ui.graphics.Color origin=null
          CALL 'public final fun Spacer (modifier: androidx.compose.ui.Modifier): kotlin.Unit declared in androidx.compose.foundation.layout.SpacerKt' type=kotlin.Unit origin=null
            ARG modifier: CALL 'public final fun width-3ABfNKs ($this$width: androidx.compose.ui.Modifier, width: androidx.compose.ui.unit.Dp): androidx.compose.ui.Modifier declared in androidx.compose.foundation.layout.SizeKt' type=androidx.compose.ui.Modifier origin=null
              ARG $this$width: GET_FIELD 'FIELD FIELD_FOR_OBJECT_INSTANCE name:Companion type:androidx.compose.ui.Modifier.Companion visibility:public [final,static] declared in androidx.compose.ui.Modifier' type=androidx.compose.ui.Modifier.Companion origin=null
              ARG width: CALL 'public final fun <get-dp> (<this>: kotlin.Int): androidx.compose.ui.unit.Dp [inline] declared in androidx.compose.ui.unit.DpKt' type=androidx.compose.ui.unit.Dp origin=GET_PROPERTY
                ARG <this>: CONST Int type=kotlin.Int value=16
    WHEN type=kotlin.Unit origin=IF
      BRANCH
        if: GET_VAR '$showNotifications: kotlin.Boolean declared in com.kb.designsystem.components.BankingComponentKt.ArchitectTopBar$lambda$4' type=kotlin.Boolean origin=null
        then: BLOCK type=kotlin.Unit origin=null
          BLOCK type=kotlin.Unit origin=ARGUMENTS_REORDERING_FOR_CALL
            VAR IR_TEMPORARY_VARIABLE name:tmp10_imageVector type:androidx.compose.ui.graphics.vector.ImageVector [val]
              CALL 'public final fun <get-NotificationsNone> (<this>: androidx.compose.material.icons.Icons.Filled): androidx.compose.ui.graphics.vector.ImageVector declared in androidx.compose.material.icons.filled.NotificationsNoneKt' type=androidx.compose.ui.graphics.vector.ImageVector origin=GET_PROPERTY
                ARG <this>: CALL 'public final fun <get-Default> (): androidx.compose.material.icons.Icons.Filled declared in androidx.compose.material.icons.Icons' type=androidx.compose.material.icons.Icons.Filled origin=GET_PROPERTY
                  ARG <this>: GET_FIELD 'FIELD FIELD_FOR_OBJECT_INSTANCE name:INSTANCE type:androidx.compose.material.icons.Icons visibility:public [final,static] declared in androidx.compose.material.icons.Icons' type=androidx.compose.material.icons.Icons origin=null
            VAR IR_TEMPORARY_VARIABLE name:tmp11_tint type:androidx.compose.ui.graphics.Color [val]
              GET_FIELD 'FIELD PROPERTY_BACKING_FIELD name:ArchitectTextSecondary type:androidx.compose.ui.graphics.Color visibility:private [final,static]' type=androidx.compose.ui.graphics.Color origin=null
            VAR IR_TEMPORARY_VARIABLE name:tmp12_modifier type:androidx.compose.ui.Modifier [val]
              CALL 'public final fun size-3ABfNKs ($this$size: androidx.compose.ui.Modifier, size: androidx.compose.ui.unit.Dp): androidx.compose.ui.Modifier declared in androidx.compose.foundation.layout.SizeKt' type=androidx.compose.ui.Modifier origin=null
                ARG $this$size: GET_FIELD 'FIELD FIELD_FOR_OBJECT_INSTANCE name:Companion type:androidx.compose.ui.Modifier.Companion visibility:public [final,static] declared in androidx.compose.ui.Modifier' type=androidx.compose.ui.Modifier.Companion origin=null
                ARG size: CALL 'public final fun <get-dp> (<this>: kotlin.Int): androidx.compose.ui.unit.Dp [inline] declared in androidx.compose.ui.unit.DpKt' type=androidx.compose.ui.unit.Dp origin=GET_PROPERTY
                  ARG <this>: CONST Int type=kotlin.Int value=24
            CALL 'public final fun Icon-BG621w0 (imageVector: androidx.compose.ui.graphics.vector.ImageVector, contentDescription: kotlin.String?, modifier: androidx.compose.ui.Modifier, tint: androidx.compose.ui.graphics.Color): kotlin.Unit declared in androidx.compose.material3.IconKt' type=kotlin.Unit origin=null
              ARG imageVector: GET_VAR 'val tmp10_imageVector: androidx.compose.ui.graphics.vector.ImageVector [val] declared in com.kb.designsystem.components.BankingComponentKt.ArchitectTopBar$lambda$4' type=androidx.compose.ui.graphics.vector.ImageVector origin=null
              ARG contentDescription: CONST String type=kotlin.String value="Notifications"
              ARG modifier: GET_VAR 'val tmp12_modifier: androidx.compose.ui.Modifier [val] declared in com.kb.designsystem.components.BankingComponentKt.ArchitectTopBar$lambda$4' type=androidx.compose.ui.Modifier origin=null
              ARG tint: GET_VAR 'val tmp11_tint: androidx.compose.ui.graphics.Color [val] declared in com.kb.designsystem.components.BankingComponentKt.ArchitectTopBar$lambda$4' type=androidx.compose.ui.graphics.Color origin=null
    WHEN type=kotlin.Unit origin=IF
      BRANCH
        if: GET_VAR '$showProfileIcon: kotlin.Boolean declared in com.kb.designsystem.components.BankingComponentKt.ArchitectTopBar$lambda$4' type=kotlin.Boolean origin=null
        then: BLOCK type=kotlin.Unit origin=null
          CALL 'public final fun Spacer (modifier: androidx.compose.ui.Modifier): kotlin.Unit declared in androidx.compose.foundation.layout.SpacerKt' type=kotlin.Unit origin=null
            ARG modifier: CALL 'public final fun width-3ABfNKs ($this$width: androidx.compose.ui.Modifier, width: androidx.compose.ui.unit.Dp): androidx.compose.ui.Modifier declared in androidx.compose.foundation.layout.SizeKt' type=androidx.compose.ui.Modifier origin=null
              ARG $this$width: GET_FIELD 'FIELD FIELD_FOR_OBJECT_INSTANCE name:Companion type:androidx.compose.ui.Modifier.Companion visibility:public [final,static] declared in androidx.compose.ui.Modifier' type=androidx.compose.ui.Modifier.Companion origin=null
              ARG width: CALL 'public final fun <get-dp> (<this>: kotlin.Int): androidx.compose.ui.unit.Dp [inline] declared in androidx.compose.ui.unit.DpKt' type=androidx.compose.ui.unit.Dp origin=GET_PROPERTY
                ARG <this>: CONST Int type=kotlin.Int value=12
          CALL 'public final fun Box$default (modifier: androidx.compose.ui.Modifier?, contentAlignment: androidx.compose.ui.Alignment?, propagateMinConstraints: kotlin.Boolean, content: @[Composable] @[ExtensionFunctionType] kotlin.Function1<androidx.compose.foundation.layout.BoxScope, kotlin.Unit>, $mask0: kotlin.Int, $handler: kotlin.Any?): kotlin.Unit [inline] declared in androidx.compose.foundation.layout.BoxKt' type=kotlin.Unit origin=DEFAULT_DISPATCH_CALL
            ARG modifier: CALL 'public final fun background-bw27NRU$default ($this$background: androidx.compose.ui.Modifier, color: androidx.compose.ui.graphics.Color, shape: androidx.compose.ui.graphics.Shape?, $mask0: kotlin.Int, $handler: kotlin.Any?): androidx.compose.ui.Modifier declared in androidx.compose.foundation.BackgroundKt' type=androidx.compose.ui.Modifier origin=DEFAULT_DISPATCH_CALL
              ARG $this$background: CALL 'public final fun clip (<this>: androidx.compose.ui.Modifier, shape: androidx.compose.ui.graphics.Shape): androidx.compose.ui.Modifier declared in androidx.compose.ui.draw.ClipKt' type=androidx.compose.ui.Modifier origin=null
                ARG <this>: CALL 'public final fun size-3ABfNKs ($this$size: androidx.compose.ui.Modifier, size: androidx.compose.ui.unit.Dp): androidx.compose.ui.Modifier declared in androidx.compose.foundation.layout.SizeKt' type=androidx.compose.ui.Modifier origin=null
                  ARG $this$size: GET_FIELD 'FIELD FIELD_FOR_OBJECT_INSTANCE name:Companion type:androidx.compose.ui.Modifier.Companion visibility:public [final,static] declared in androidx.compose.ui.Modifier' type=androidx.compose.ui.Modifier.Companion origin=null
                  ARG size: CALL 'public final fun <get-dp> (<this>: kotlin.Int): androidx.compose.ui.unit.Dp [inline] declared in androidx.compose.ui.unit.DpKt' type=androidx.compose.ui.unit.Dp origin=GET_PROPERTY
                    ARG <this>: CONST Int type=kotlin.Int value=32
                ARG shape: CALL 'public final fun RoundedCornerShape-0680j_4 (size: androidx.compose.ui.unit.Dp): androidx.compose.foundation.shape.RoundedCornerShape declared in androidx.compose.foundation.shape.RoundedCornerShapeKt' type=androidx.compose.foundation.shape.RoundedCornerShape origin=null
                  ARG size: CALL 'public final fun <get-dp> (<this>: kotlin.Int): androidx.compose.ui.unit.Dp [inline] declared in androidx.compose.ui.unit.DpKt' type=androidx.compose.ui.unit.Dp origin=GET_PROPERTY
                    ARG <this>: CONST Int type=kotlin.Int value=8
              ARG color: CALL 'public final fun Color (color: kotlin.Long): androidx.compose.ui.graphics.Color declared in androidx.compose.ui.graphics.ColorKt' type=androidx.compose.ui.graphics.Color origin=null
                ARG color: CONST Long type=kotlin.Long value=4293113801
              ARG shape: COMPOSITE type=androidx.compose.ui.graphics.Shape? origin=DEFAULT_VALUE
                CONST Null type=androidx.compose.ui.graphics.Shape? value=null
              ARG $mask0: CONST Int type=kotlin.Int value=2
              ARG $handler: CONST Null type=kotlin.Any? value=null
            ARG contentAlignment: CALL 'public final fun <get-Center> (): androidx.compose.ui.Alignment declared in androidx.compose.ui.Alignment.Companion' type=androidx.compose.ui.Alignment origin=GET_PROPERTY
              ARG <this>: GET_FIELD 'FIELD FIELD_FOR_OBJECT_INSTANCE name:Companion type:androidx.compose.ui.Alignment.Companion visibility:public [final,static] declared in androidx.compose.ui.Alignment' type=androidx.compose.ui.Alignment.Companion origin=null
            ARG propagateMinConstraints: COMPOSITE type=kotlin.Boolean origin=DEFAULT_VALUE
              CONST Boolean type=kotlin.Boolean value=false
            ARG content: BLOCK type=@[ExtensionFunctionType] kotlin.Function1<androidx.compose.foundation.layout.BoxScope, kotlin.Unit> origin=LAMBDA
              COMPOSITE type=kotlin.Unit origin=null
              FUNCTION_REFERENCE 'private final fun ArchitectTopBar$lambda$4$lambda$3 ($this$Box: androidx.compose.foundation.layout.BoxScope): kotlin.Unit declared in com.kb.designsystem.components.BankingComponentKt' type=@[ExtensionFunctionType] kotlin.Function1<androidx.compose.foundation.layout.BoxScope, kotlin.Unit> origin=INLINE_LAMBDA reflectionTarget=null
            ARG $mask0: CONST Int type=kotlin.Int value=4
            ARG $handler: CONST Null type=kotlin.Any? value=null

	at org.jetbrains.kotlin.backend.jvm.codegen.FunctionCodegen.generate(FunctionCodegen.kt:50)
	at org.jetbrains.kotlin.backend.jvm.codegen.IrSourceCompilerForInline.generateLambdaBody(IrSourceCompilerForInline.kt:72)
	at org.jetbrains.kotlin.codegen.inline.ExpressionLambda.generateLambdaBody(LambdaInfo.kt:72)
	at org.jetbrains.kotlin.backend.jvm.codegen.IrInlineCodegen.genValueAndPut(IrInlineCodegen.kt:122)
	at org.jetbrains.kotlin.backend.jvm.codegen.ExpressionCodegen.visitCall$handleParameter(ExpressionCodegen.kt:564)
	at org.jetbrains.kotlin.backend.jvm.codegen.ExpressionCodegen.visitCall(ExpressionCodegen.kt:577)
	at org.jetbrains.kotlin.backend.jvm.codegen.ExpressionCodegen.visitCall(ExpressionCodegen.kt:135)
	at org.jetbrains.kotlin.ir.expressions.IrCall.accept(IrCall.kt:24)
	at org.jetbrains.kotlin.backend.jvm.codegen.ExpressionCodegen.visitStatementContainer(ExpressionCodegen.kt:527)
	at org.jetbrains.kotlin.backend.jvm.codegen.ExpressionCodegen.visitBlockBody(ExpressionCodegen.kt:532)
	at org.jetbrains.kotlin.backend.jvm.codegen.ExpressionCodegen.visitBlockBody(ExpressionCodegen.kt:135)
	at org.jetbrains.kotlin.ir.expressions.IrBlockBody.accept(IrBlockBody.kt:20)
	at org.jetbrains.kotlin.backend.jvm.codegen.ExpressionCodegen.generate(ExpressionCodegen.kt:233)
	at org.jetbrains.kotlin.backend.jvm.codegen.FunctionCodegen.doGenerate(FunctionCodegen.kt:126)
	at org.jetbrains.kotlin.backend.jvm.codegen.FunctionCodegen.generate(FunctionCodegen.kt:47)
	... 45 more
Caused by: org.jetbrains.kotlin.codegen.CompilationException: Back-end (JVM) Internal error: Couldn't inline method call: CALL 'public final fun Box$default (modifier: androidx.compose.ui.Modifier?, contentAlignment: androidx.compose.ui.Alignment?, propagateMinConstraints: kotlin.Boolean, content: @[Composable] @[ExtensionFunctionType] kotlin.Function1<androidx.compose.foundation.layout.BoxScope, kotlin.Unit>, $mask0: kotlin.Int, $handler: kotlin.Any?): kotlin.Unit [inline] declared in androidx.compose.foundation.layout.BoxKt' type=kotlin.Unit origin=DEFAULT_DISPATCH_CALL
Method: null
File is unknown
The root cause java.lang.IllegalStateException was thrown at: org.jetbrains.kotlin.codegen.inline.SourceCompilerForInlineKt.getMethodNode(SourceCompilerForInline.kt:129)
	at org.jetbrains.kotlin.backend.jvm.codegen.IrInlineCodegen.genInlineCall(IrInlineCodegen.kt:82)
	at org.jetbrains.kotlin.backend.jvm.codegen.IrInlineCallGenerator.genCall(IrInlineCallGenerator.kt:36)
	at org.jetbrains.kotlin.backend.jvm.codegen.ExpressionCodegen.visitCall(ExpressionCodegen.kt:586)
	at org.jetbrains.kotlin.backend.jvm.codegen.ExpressionCodegen.visitCall(ExpressionCodegen.kt:135)
	at org.jetbrains.kotlin.ir.expressions.IrCall.accept(IrCall.kt:24)
	at org.jetbrains.kotlin.backend.jvm.codegen.ExpressionCodegen.visitStatementContainer(ExpressionCodegen.kt:527)
	at org.jetbrains.kotlin.backend.jvm.codegen.ExpressionCodegen.visitContainerExpression(ExpressionCodegen.kt:541)
	at org.jetbrains.kotlin.backend.jvm.codegen.ExpressionCodegen.visitContainerExpression(ExpressionCodegen.kt:135)
	at org.jetbrains.kotlin.ir.visitors.IrVisitor.visitBlock(IrVisitor.kt:122)
	at org.jetbrains.kotlin.backend.jvm.codegen.ExpressionCodegen.visitBlock(ExpressionCodegen.kt:413)
	at org.jetbrains.kotlin.backend.jvm.codegen.ExpressionCodegen.visitBlock(ExpressionCodegen.kt:135)
	at org.jetbrains.kotlin.ir.expressions.IrBlock.accept(IrBlock.kt:18)
	at org.jetbrains.kotlin.backend.jvm.codegen.ExpressionCodegen.visitWhen(ExpressionCodegen.kt:1049)
	at org.jetbrains.kotlin.backend.jvm.codegen.ExpressionCodegen.visitWhen(ExpressionCodegen.kt:135)
	at org.jetbrains.kotlin.ir.expressions.IrWhen.accept(IrWhen.kt:24)
	at org.jetbrains.kotlin.backend.jvm.codegen.ExpressionCodegen.visitStatementContainer(ExpressionCodegen.kt:527)
	at org.jetbrains.kotlin.backend.jvm.codegen.ExpressionCodegen.visitBlockBody(ExpressionCodegen.kt:532)
	at org.jetbrains.kotlin.backend.jvm.codegen.ExpressionCodegen.visitBlockBody(ExpressionCodegen.kt:135)
	at org.jetbrains.kotlin.ir.expressions.IrBlockBody.accept(IrBlockBody.kt:20)
	at org.jetbrains.kotlin.backend.jvm.codegen.ExpressionCodegen.generate(ExpressionCodegen.kt:233)
	at org.jetbrains.kotlin.backend.jvm.codegen.FunctionCodegen.doGenerate(FunctionCodegen.kt:126)
	at org.jetbrains.kotlin.backend.jvm.codegen.FunctionCodegen.generate(FunctionCodegen.kt:47)
	... 59 more
Caused by: java.lang.IllegalStateException: couldn't find inline method Landroidx/compose/foundation/layout/BoxKt;.Box$default(Landroidx/compose/ui/Modifier;Landroidx/compose/ui/Alignment;ZLkotlin/jvm/functions/Function1;ILjava/lang/Object;)V
	at org.jetbrains.kotlin.codegen.inline.SourceCompilerForInlineKt.getMethodNode(SourceCompilerForInline.kt:129)
	at org.jetbrains.kotlin.codegen.inline.SourceCompilerForInlineKt.loadCompiledInlineFunction$lambda$2(SourceCompilerForInline.kt:98)
	at org.jetbrains.kotlin.codegen.inline.InlineCache.computeMethodBytes(InlineCache.kt:90)
	at org.jetbrains.kotlin.codegen.inline.SourceCompilerForInlineKt.loadCompiledInlineFunction(SourceCompilerForInline.kt:93)
	at org.jetbrains.kotlin.backend.jvm.codegen.IrSourceCompilerForInline.compileInlineFunction(IrSourceCompilerForInline.kt:96)
	at org.jetbrains.kotlin.backend.jvm.codegen.IrInlineCodegen.genInlineCall(IrInlineCodegen.kt:65)
	... 80 more


